[2021-01-16 12:56:47,796]-INFO - Grpc Server Service
[2021-01-16 12:59:20,401]-INFO - 127.0.0.1:8090
[2021-01-16 13:06:20,066]-INFO - 127.0.0.1:8090
[2021-01-16 13:15:36,810]-INFO - 127.0.0.1:8090
[2021-01-16 13:15:45,832]-INFO - Client:ipv4:127.0.0.1:3438 Status:OK
[2021-01-16 13:15:45,883]-INFO - req:{
  "API": "/api/login",
  "Data": "ShellViewModel",
  "APPID": "",
  "Sign": "",
  "Time": 1610774145
}
[2021-01-16 13:15:58,161]-INFO - Client:ipv4:127.0.0.1:3438 Status:OK
[2021-01-16 13:15:58,162]-INFO - req:{
  "API": "/api",
  "Data": "SayHello",
  "APPID": "",
  "Sign": "",
  "Time": 1610774158
}
[2021-01-16 14:15:31,351]-INFO - 127.0.0.1:8090
[2021-01-16 14:45:45,496]-INFO - 127.0.0.1:8090
[2021-01-16 14:45:50,620]-INFO - Client:ipv4:127.0.0.1:4334 Status:OK
[2021-01-16 14:45:50,649]-INFO - req:{
  "API": "/api/online",
  "Data": "",
  "APPID": "代理服务",
  "Sign": "",
  "Time": 1610779550
}
[2021-01-16 14:45:51,600]-INFO - Client:ipv4:127.0.0.1:4334 Status:OK
[2021-01-16 14:45:51,600]-INFO - req:{
  "API": "/api/online",
  "Data": "",
  "APPID": "代理服务",
  "Sign": "",
  "Time": 1610779551
}
[2021-01-16 14:45:52,601]-INFO - Client:ipv4:127.0.0.1:4334 Status:OK
[2021-01-16 14:45:52,601]-INFO - req:{
  "API": "/api/online",
  "Data": "",
  "APPID": "代理服务",
  "Sign": "",
  "Time": 1610779552
}
[2021-01-16 14:45:53,605]-INFO - Client:ipv4:127.0.0.1:4334 Status:OK
[2021-01-16 14:45:53,605]-INFO - req:{
  "API": "/api/online",
  "Data": "",
  "APPID": "代理服务",
  "Sign": "",
  "Time": 1610779553
}
[2021-01-16 14:45:54,610]-INFO - Client:ipv4:127.0.0.1:4334 Status:OK
[2021-01-16 14:45:54,610]-INFO - req:{
  "API": "/api/online",
  "Data": "",
  "APPID": "代理服务",
  "Sign": "",
  "Time": 1610779554
}
[2021-01-16 14:45:55,619]-INFO - Client:ipv4:127.0.0.1:4334 Status:OK
[2021-01-16 14:45:55,619]-INFO - req:{
  "API": "/api/online",
  "Data": "",
  "APPID": "代理服务",
  "Sign": "",
  "Time": 1610779555
}
[2021-01-16 14:45:56,630]-INFO - Client:ipv4:127.0.0.1:4334 Status:OK
[2021-01-16 14:45:56,630]-INFO - req:{
  "API": "/api/online",
  "Data": "",
  "APPID": "代理服务",
  "Sign": "",
  "Time": 1610779556
}
[2021-01-16 14:45:57,640]-INFO - Client:ipv4:127.0.0.1:4334 Status:OK
[2021-01-16 14:45:57,640]-INFO - req:{
  "API": "/api/online",
  "Data": "",
  "APPID": "代理服务",
  "Sign": "",
  "Time": 1610779557
}
[2021-01-16 14:45:58,646]-INFO - Client:ipv4:127.0.0.1:4334 Status:OK
[2021-01-16 14:45:58,646]-INFO - req:{
  "API": "/api/online",
  "Data": "",
  "APPID": "代理服务",
  "Sign": "",
  "Time": 1610779558
}
[2021-01-16 14:45:59,649]-INFO - Client:ipv4:127.0.0.1:4334 Status:OK
[2021-01-16 14:45:59,649]-INFO - req:{
  "API": "/api/online",
  "Data": "",
  "APPID": "代理服务",
  "Sign": "",
  "Time": 1610779559
}
[2021-01-16 14:46:00,655]-INFO - Client:ipv4:127.0.0.1:4334 Status:OK
[2021-01-16 14:46:00,655]-INFO - req:{
  "API": "/api/online",
  "Data": "",
  "APPID": "代理服务",
  "Sign": "",
  "Time": 1610779560
}
[2021-01-16 14:46:01,660]-INFO - Client:ipv4:127.0.0.1:4334 Status:OK
[2021-01-16 14:46:01,665]-INFO - req:{
  "API": "/api/online",
  "Data": "",
  "APPID": "代理服务",
  "Sign": "",
  "Time": 1610779561
}
[2021-01-16 14:46:02,670]-INFO - Client:ipv4:127.0.0.1:4334 Status:OK
[2021-01-16 14:46:02,670]-INFO - req:{
  "API": "/api/online",
  "Data": "",
  "APPID": "代理服务",
  "Sign": "",
  "Time": 1610779562
}
[2021-01-16 14:46:03,679]-INFO - Client:ipv4:127.0.0.1:4334 Status:OK
[2021-01-16 14:46:03,679]-INFO - req:{
  "API": "/api/online",
  "Data": "",
  "APPID": "代理服务",
  "Sign": "",
  "Time": 1610779563
}
[2021-01-16 14:46:04,680]-INFO - Client:ipv4:127.0.0.1:4334 Status:OK
[2021-01-16 14:46:04,680]-INFO - req:{
  "API": "/api/online",
  "Data": "",
  "APPID": "代理服务",
  "Sign": "",
  "Time": 1610779564
}
[2021-01-16 14:46:05,690]-INFO - Client:ipv4:127.0.0.1:4334 Status:OK
[2021-01-16 14:46:05,690]-INFO - req:{
  "API": "/api/online",
  "Data": "",
  "APPID": "代理服务",
  "Sign": "",
  "Time": 1610779565
}
[2021-01-16 14:46:06,697]-INFO - Client:ipv4:127.0.0.1:4334 Status:OK
[2021-01-16 14:46:06,700]-INFO - req:{
  "API": "/api/online",
  "Data": "",
  "APPID": "代理服务",
  "Sign": "",
  "Time": 1610779566
}
[2021-01-16 14:46:07,700]-INFO - Client:ipv4:127.0.0.1:4334 Status:OK
[2021-01-16 14:46:07,700]-INFO - req:{
  "API": "/api/online",
  "Data": "",
  "APPID": "代理服务",
  "Sign": "",
  "Time": 1610779567
}
[2021-01-16 14:46:08,710]-INFO - Client:ipv4:127.0.0.1:4334 Status:OK
[2021-01-16 14:46:08,710]-INFO - req:{
  "API": "/api/online",
  "Data": "",
  "APPID": "代理服务",
  "Sign": "",
  "Time": 1610779568
}
[2021-01-16 14:46:09,715]-INFO - Client:ipv4:127.0.0.1:4334 Status:OK
[2021-01-16 14:46:09,715]-INFO - req:{
  "API": "/api/online",
  "Data": "",
  "APPID": "代理服务",
  "Sign": "",
  "Time": 1610779569
}
[2021-01-16 14:46:10,720]-INFO - Client:ipv4:127.0.0.1:4334 Status:OK
[2021-01-16 14:46:10,720]-INFO - req:{
  "API": "/api/online",
  "Data": "",
  "APPID": "代理服务",
  "Sign": "",
  "Time": 1610779570
}
[2021-01-16 14:46:11,729]-INFO - Client:ipv4:127.0.0.1:4334 Status:OK
[2021-01-16 14:46:11,729]-INFO - req:{
  "API": "/api/online",
  "Data": "",
  "APPID": "代理服务",
  "Sign": "",
  "Time": 1610779571
}
[2021-01-16 14:46:12,730]-INFO - Client:ipv4:127.0.0.1:4334 Status:OK
[2021-01-16 14:46:12,735]-INFO - req:{
  "API": "/api/online",
  "Data": "",
  "APPID": "代理服务",
  "Sign": "",
  "Time": 1610779572
}
[2021-01-16 14:46:13,735]-INFO - Client:ipv4:127.0.0.1:4334 Status:OK
[2021-01-16 14:46:13,735]-INFO - req:{
  "API": "/api/online",
  "Data": "",
  "APPID": "代理服务",
  "Sign": "",
  "Time": 1610779573
}
[2021-01-16 14:46:14,740]-INFO - Client:ipv4:127.0.0.1:4334 Status:OK
[2021-01-16 14:46:14,740]-INFO - req:{
  "API": "/api/online",
  "Data": "",
  "APPID": "代理服务",
  "Sign": "",
  "Time": 1610779574
}
[2021-01-16 14:46:15,741]-INFO - Client:ipv4:127.0.0.1:4334 Status:OK
[2021-01-16 14:46:15,741]-INFO - req:{
  "API": "/api/online",
  "Data": "",
  "APPID": "代理服务",
  "Sign": "",
  "Time": 1610779575
}
[2021-01-16 14:46:16,750]-INFO - Client:ipv4:127.0.0.1:4334 Status:OK
[2021-01-16 14:46:16,750]-INFO - req:{
  "API": "/api/online",
  "Data": "",
  "APPID": "代理服务",
  "Sign": "",
  "Time": 1610779576
}
[2021-01-16 14:46:17,751]-INFO - Client:ipv4:127.0.0.1:4334 Status:OK
[2021-01-16 14:46:17,751]-INFO - req:{
  "API": "/api/online",
  "Data": "",
  "APPID": "代理服务",
  "Sign": "",
  "Time": 1610779577
}
[2021-01-16 14:46:18,757]-INFO - Client:ipv4:127.0.0.1:4334 Status:OK
[2021-01-16 14:46:18,757]-INFO - req:{
  "API": "/api/online",
  "Data": "",
  "APPID": "代理服务",
  "Sign": "",
  "Time": 1610779578
}
[2021-01-16 14:46:19,759]-INFO - Client:ipv4:127.0.0.1:4334 Status:OK
[2021-01-16 14:46:19,759]-INFO - req:{
  "API": "/api/online",
  "Data": "",
  "APPID": "代理服务",
  "Sign": "",
  "Time": 1610779579
}
[2021-01-16 14:46:20,768]-INFO - Client:ipv4:127.0.0.1:4334 Status:OK
[2021-01-16 14:46:20,770]-INFO - req:{
  "API": "/api/online",
  "Data": "",
  "APPID": "代理服务",
  "Sign": "",
  "Time": 1610779580
}
[2021-01-16 14:46:21,769]-INFO - Client:ipv4:127.0.0.1:4334 Status:OK
[2021-01-16 14:46:21,770]-INFO - req:{
  "API": "/api/online",
  "Data": "",
  "APPID": "代理服务",
  "Sign": "",
  "Time": 1610779581
}
[2021-01-16 14:46:22,770]-INFO - Client:ipv4:127.0.0.1:4334 Status:OK
[2021-01-16 14:46:22,770]-INFO - req:{
  "API": "/api/online",
  "Data": "",
  "APPID": "代理服务",
  "Sign": "",
  "Time": 1610779582
}
[2021-01-16 14:46:23,779]-INFO - Client:ipv4:127.0.0.1:4334 Status:OK
[2021-01-16 14:46:23,780]-INFO - req:{
  "API": "/api/online",
  "Data": "",
  "APPID": "代理服务",
  "Sign": "",
  "Time": 1610779583
}
[2021-01-16 14:46:24,780]-INFO - Client:ipv4:127.0.0.1:4334 Status:OK
[2021-01-16 14:46:24,780]-INFO - req:{
  "API": "/api/online",
  "Data": "",
  "APPID": "代理服务",
  "Sign": "",
  "Time": 1610779584
}
[2021-01-16 14:46:25,790]-INFO - Client:ipv4:127.0.0.1:4334 Status:OK
[2021-01-16 14:46:25,790]-INFO - req:{
  "API": "/api/online",
  "Data": "",
  "APPID": "代理服务",
  "Sign": "",
  "Time": 1610779585
}
[2021-01-16 14:46:26,799]-INFO - Client:ipv4:127.0.0.1:4334 Status:OK
[2021-01-16 14:46:26,799]-INFO - req:{
  "API": "/api/online",
  "Data": "",
  "APPID": "代理服务",
  "Sign": "",
  "Time": 1610779586
}
[2021-01-16 14:46:27,807]-INFO - Client:ipv4:127.0.0.1:4334 Status:OK
[2021-01-16 14:46:27,807]-INFO - req:{
  "API": "/api/online",
  "Data": "",
  "APPID": "代理服务",
  "Sign": "",
  "Time": 1610779587
}
[2021-01-16 14:46:28,809]-INFO - Client:ipv4:127.0.0.1:4334 Status:OK
[2021-01-16 14:46:28,809]-INFO - req:{
  "API": "/api/online",
  "Data": "",
  "APPID": "代理服务",
  "Sign": "",
  "Time": 1610779588
}
[2021-01-16 14:46:29,817]-INFO - Client:ipv4:127.0.0.1:4334 Status:OK
[2021-01-16 14:46:29,817]-INFO - req:{
  "API": "/api/online",
  "Data": "",
  "APPID": "代理服务",
  "Sign": "",
  "Time": 1610779589
}
[2021-01-16 14:46:30,825]-INFO - Client:ipv4:127.0.0.1:4334 Status:OK
[2021-01-16 14:46:30,825]-INFO - req:{
  "API": "/api/online",
  "Data": "",
  "APPID": "代理服务",
  "Sign": "",
  "Time": 1610779590
}
[2021-01-16 14:46:31,827]-INFO - Client:ipv4:127.0.0.1:4334 Status:OK
[2021-01-16 14:46:31,827]-INFO - req:{
  "API": "/api/online",
  "Data": "",
  "APPID": "代理服务",
  "Sign": "",
  "Time": 1610779591
}
[2021-01-16 14:46:32,830]-INFO - Client:ipv4:127.0.0.1:4334 Status:OK
[2021-01-16 14:46:32,830]-INFO - req:{
  "API": "/api/online",
  "Data": "",
  "APPID": "代理服务",
  "Sign": "",
  "Time": 1610779592
}
[2021-01-16 14:46:33,840]-INFO - Client:ipv4:127.0.0.1:4334 Status:OK
[2021-01-16 14:46:33,840]-INFO - req:{
  "API": "/api/online",
  "Data": "",
  "APPID": "代理服务",
  "Sign": "",
  "Time": 1610779593
}
[2021-01-16 14:46:34,850]-INFO - Client:ipv4:127.0.0.1:4334 Status:OK
[2021-01-16 14:46:34,855]-INFO - req:{
  "API": "/api/online",
  "Data": "",
  "APPID": "代理服务",
  "Sign": "",
  "Time": 1610779594
}
[2021-01-16 14:46:35,860]-INFO - Client:ipv4:127.0.0.1:4334 Status:OK
[2021-01-16 14:46:35,860]-INFO - req:{
  "API": "/api/online",
  "Data": "",
  "APPID": "代理服务",
  "Sign": "",
  "Time": 1610779595
}
[2021-01-16 14:46:36,865]-INFO - Client:ipv4:127.0.0.1:4334 Status:OK
[2021-01-16 14:46:36,865]-INFO - req:{
  "API": "/api/online",
  "Data": "",
  "APPID": "代理服务",
  "Sign": "",
  "Time": 1610779596
}
[2021-01-16 14:46:37,879]-INFO - Client:ipv4:127.0.0.1:4334 Status:OK
[2021-01-16 14:46:37,879]-INFO - req:{
  "API": "/api/online",
  "Data": "",
  "APPID": "代理服务",
  "Sign": "",
  "Time": 1610779597
}
[2021-01-16 14:46:38,880]-INFO - Client:ipv4:127.0.0.1:4334 Status:OK
[2021-01-16 14:46:38,880]-INFO - req:{
  "API": "/api/online",
  "Data": "",
  "APPID": "代理服务",
  "Sign": "",
  "Time": 1610779598
}
[2021-01-16 14:46:39,890]-INFO - Client:ipv4:127.0.0.1:4334 Status:OK
[2021-01-16 14:46:39,890]-INFO - req:{
  "API": "/api/online",
  "Data": "",
  "APPID": "代理服务",
  "Sign": "",
  "Time": 1610779599
}
[2021-01-16 14:46:40,895]-INFO - Client:ipv4:127.0.0.1:4334 Status:OK
[2021-01-16 14:46:40,895]-INFO - req:{
  "API": "/api/online",
  "Data": "",
  "APPID": "代理服务",
  "Sign": "",
  "Time": 1610779600
}
[2021-01-16 14:46:41,905]-INFO - Client:ipv4:127.0.0.1:4334 Status:OK
[2021-01-16 14:46:41,907]-INFO - req:{
  "API": "/api/online",
  "Data": "",
  "APPID": "代理服务",
  "Sign": "",
  "Time": 1610779601
}
[2021-01-16 14:46:42,908]-INFO - Client:ipv4:127.0.0.1:4334 Status:OK
[2021-01-16 14:46:42,910]-INFO - req:{
  "API": "/api/online",
  "Data": "",
  "APPID": "代理服务",
  "Sign": "",
  "Time": 1610779602
}
[2021-01-16 14:46:43,920]-INFO - Client:ipv4:127.0.0.1:4334 Status:OK
[2021-01-16 14:46:43,920]-INFO - req:{
  "API": "/api/online",
  "Data": "",
  "APPID": "代理服务",
  "Sign": "",
  "Time": 1610779603
}
[2021-01-16 14:46:44,921]-INFO - Client:ipv4:127.0.0.1:4334 Status:OK
[2021-01-16 14:46:44,922]-INFO - req:{
  "API": "/api/online",
  "Data": "",
  "APPID": "代理服务",
  "Sign": "",
  "Time": 1610779604
}
[2021-01-16 14:46:45,923]-INFO - Client:ipv4:127.0.0.1:4334 Status:OK
[2021-01-16 14:46:45,923]-INFO - req:{
  "API": "/api/online",
  "Data": "",
  "APPID": "代理服务",
  "Sign": "",
  "Time": 1610779605
}
[2021-01-16 14:46:46,925]-INFO - Client:ipv4:127.0.0.1:4334 Status:OK
[2021-01-16 14:46:46,925]-INFO - req:{
  "API": "/api/online",
  "Data": "",
  "APPID": "代理服务",
  "Sign": "",
  "Time": 1610779606
}
[2021-01-16 14:46:47,935]-INFO - Client:ipv4:127.0.0.1:4334 Status:OK
[2021-01-16 14:46:47,935]-INFO - req:{
  "API": "/api/online",
  "Data": "",
  "APPID": "代理服务",
  "Sign": "",
  "Time": 1610779607
}
[2021-01-16 14:46:48,945]-INFO - Client:ipv4:127.0.0.1:4334 Status:OK
[2021-01-16 14:46:48,950]-INFO - req:{
  "API": "/api/online",
  "Data": "",
  "APPID": "代理服务",
  "Sign": "",
  "Time": 1610779608
}
[2021-01-16 14:46:49,949]-INFO - Client:ipv4:127.0.0.1:4334 Status:OK
[2021-01-16 14:46:49,949]-INFO - req:{
  "API": "/api/online",
  "Data": "",
  "APPID": "代理服务",
  "Sign": "",
  "Time": 1610779609
}
[2021-01-16 14:46:50,960]-INFO - Client:ipv4:127.0.0.1:4334 Status:OK
[2021-01-16 14:46:50,960]-INFO - req:{
  "API": "/api/online",
  "Data": "",
  "APPID": "代理服务",
  "Sign": "",
  "Time": 1610779610
}
[2021-01-16 14:46:51,970]-INFO - Client:ipv4:127.0.0.1:4334 Status:OK
[2021-01-16 14:46:51,970]-INFO - req:{
  "API": "/api/online",
  "Data": "",
  "APPID": "代理服务",
  "Sign": "",
  "Time": 1610779611
}
[2021-01-16 14:46:52,980]-INFO - Client:ipv4:127.0.0.1:4334 Status:OK
[2021-01-16 14:46:52,980]-INFO - req:{
  "API": "/api/online",
  "Data": "",
  "APPID": "代理服务",
  "Sign": "",
  "Time": 1610779612
}
[2021-01-16 14:46:53,990]-INFO - Client:ipv4:127.0.0.1:4334 Status:OK
[2021-01-16 14:46:53,990]-INFO - req:{
  "API": "/api/online",
  "Data": "",
  "APPID": "代理服务",
  "Sign": "",
  "Time": 1610779613
}
[2021-01-16 14:46:54,997]-INFO - Client:ipv4:127.0.0.1:4334 Status:OK
[2021-01-16 14:46:54,997]-INFO - req:{
  "API": "/api/online",
  "Data": "",
  "APPID": "代理服务",
  "Sign": "",
  "Time": 1610779614
}
[2021-01-16 14:46:56,000]-INFO - Client:ipv4:127.0.0.1:4334 Status:OK
[2021-01-16 14:46:56,000]-INFO - req:{
  "API": "/api/online",
  "Data": "",
  "APPID": "代理服务",
  "Sign": "",
  "Time": 1610779616
}
[2021-01-16 14:46:57,007]-INFO - Client:ipv4:127.0.0.1:4334 Status:OK
[2021-01-16 14:46:57,007]-INFO - req:{
  "API": "/api/online",
  "Data": "",
  "APPID": "代理服务",
  "Sign": "",
  "Time": 1610779617
}
[2021-01-16 14:46:58,013]-INFO - Client:ipv4:127.0.0.1:4334 Status:OK
[2021-01-16 14:46:58,013]-INFO - req:{
  "API": "/api/online",
  "Data": "",
  "APPID": "代理服务",
  "Sign": "",
  "Time": 1610779618
}
[2021-01-16 14:46:59,015]-INFO - Client:ipv4:127.0.0.1:4334 Status:OK
[2021-01-16 14:46:59,015]-INFO - req:{
  "API": "/api/online",
  "Data": "",
  "APPID": "代理服务",
  "Sign": "",
  "Time": 1610779619
}
[2021-01-16 14:47:00,020]-INFO - Client:ipv4:127.0.0.1:4334 Status:OK
[2021-01-16 14:47:00,020]-INFO - req:{
  "API": "/api/online",
  "Data": "",
  "APPID": "代理服务",
  "Sign": "",
  "Time": 1610779620
}
[2021-01-16 14:47:01,030]-INFO - Client:ipv4:127.0.0.1:4334 Status:OK
[2021-01-16 14:47:01,030]-INFO - req:{
  "API": "/api/online",
  "Data": "",
  "APPID": "代理服务",
  "Sign": "",
  "Time": 1610779621
}
[2021-01-16 14:47:02,040]-INFO - Client:ipv4:127.0.0.1:4334 Status:OK
[2021-01-16 14:47:02,040]-INFO - req:{
  "API": "/api/online",
  "Data": "",
  "APPID": "代理服务",
  "Sign": "",
  "Time": 1610779622
}
[2021-01-16 14:47:03,049]-INFO - Client:ipv4:127.0.0.1:4334 Status:OK
[2021-01-16 14:47:03,049]-INFO - req:{
  "API": "/api/online",
  "Data": "",
  "APPID": "代理服务",
  "Sign": "",
  "Time": 1610779623
}
[2021-01-16 14:47:04,055]-INFO - Client:ipv4:127.0.0.1:4334 Status:OK
[2021-01-16 14:47:04,055]-INFO - req:{
  "API": "/api/online",
  "Data": "",
  "APPID": "代理服务",
  "Sign": "",
  "Time": 1610779624
}
[2021-01-16 14:47:05,065]-INFO - Client:ipv4:127.0.0.1:4334 Status:OK
[2021-01-16 14:47:05,065]-INFO - req:{
  "API": "/api/online",
  "Data": "",
  "APPID": "代理服务",
  "Sign": "",
  "Time": 1610779625
}
[2021-01-16 14:47:06,070]-INFO - Client:ipv4:127.0.0.1:4334 Status:OK
[2021-01-16 14:47:06,075]-INFO - req:{
  "API": "/api/online",
  "Data": "",
  "APPID": "代理服务",
  "Sign": "",
  "Time": 1610779626
}
[2021-01-16 14:47:07,079]-INFO - Client:ipv4:127.0.0.1:4334 Status:OK
[2021-01-16 14:47:07,079]-INFO - req:{
  "API": "/api/online",
  "Data": "",
  "APPID": "代理服务",
  "Sign": "",
  "Time": 1610779627
}
[2021-01-16 14:47:08,083]-INFO - Client:ipv4:127.0.0.1:4334 Status:OK
[2021-01-16 14:47:08,083]-INFO - req:{
  "API": "/api/online",
  "Data": "",
  "APPID": "代理服务",
  "Sign": "",
  "Time": 1610779628
}
[2021-01-16 14:47:09,090]-INFO - Client:ipv4:127.0.0.1:4334 Status:OK
[2021-01-16 14:47:09,090]-INFO - req:{
  "API": "/api/online",
  "Data": "",
  "APPID": "代理服务",
  "Sign": "",
  "Time": 1610779629
}
[2021-01-16 14:47:10,100]-INFO - Client:ipv4:127.0.0.1:4334 Status:OK
[2021-01-16 14:47:10,100]-INFO - req:{
  "API": "/api/online",
  "Data": "",
  "APPID": "代理服务",
  "Sign": "",
  "Time": 1610779630
}
[2021-01-16 14:47:11,101]-INFO - Client:ipv4:127.0.0.1:4334 Status:OK
[2021-01-16 14:47:11,101]-INFO - req:{
  "API": "/api/online",
  "Data": "",
  "APPID": "代理服务",
  "Sign": "",
  "Time": 1610779631
}
[2021-01-16 14:47:12,110]-INFO - Client:ipv4:127.0.0.1:4334 Status:OK
[2021-01-16 14:47:12,110]-INFO - req:{
  "API": "/api/online",
  "Data": "",
  "APPID": "代理服务",
  "Sign": "",
  "Time": 1610779632
}
[2021-01-16 14:47:13,119]-INFO - Client:ipv4:127.0.0.1:4334 Status:OK
[2021-01-16 14:47:13,119]-INFO - req:{
  "API": "/api/online",
  "Data": "",
  "APPID": "代理服务",
  "Sign": "",
  "Time": 1610779633
}
[2021-01-16 14:47:14,120]-INFO - Client:ipv4:127.0.0.1:4334 Status:OK
[2021-01-16 14:47:14,120]-INFO - req:{
  "API": "/api/online",
  "Data": "",
  "APPID": "代理服务",
  "Sign": "",
  "Time": 1610779634
}
[2021-01-16 14:47:15,129]-INFO - Client:ipv4:127.0.0.1:4334 Status:OK
[2021-01-16 14:47:15,129]-INFO - req:{
  "API": "/api/online",
  "Data": "",
  "APPID": "代理服务",
  "Sign": "",
  "Time": 1610779635
}
[2021-01-16 14:47:16,140]-INFO - Client:ipv4:127.0.0.1:4334 Status:OK
[2021-01-16 14:47:16,140]-INFO - req:{
  "API": "/api/online",
  "Data": "",
  "APPID": "代理服务",
  "Sign": "",
  "Time": 1610779636
}
[2021-01-16 14:47:17,141]-INFO - Client:ipv4:127.0.0.1:4334 Status:OK
[2021-01-16 14:47:17,141]-INFO - req:{
  "API": "/api/online",
  "Data": "",
  "APPID": "代理服务",
  "Sign": "",
  "Time": 1610779637
}
[2021-01-16 14:47:18,145]-INFO - Client:ipv4:127.0.0.1:4334 Status:OK
[2021-01-16 14:47:18,145]-INFO - req:{
  "API": "/api/online",
  "Data": "",
  "APPID": "代理服务",
  "Sign": "",
  "Time": 1610779638
}
[2021-01-16 14:47:19,149]-INFO - Client:ipv4:127.0.0.1:4334 Status:OK
[2021-01-16 14:47:19,149]-INFO - req:{
  "API": "/api/online",
  "Data": "",
  "APPID": "代理服务",
  "Sign": "",
  "Time": 1610779639
}
[2021-01-16 14:47:20,150]-INFO - Client:ipv4:127.0.0.1:4334 Status:OK
[2021-01-16 14:47:20,150]-INFO - req:{
  "API": "/api/online",
  "Data": "",
  "APPID": "代理服务",
  "Sign": "",
  "Time": 1610779640
}
[2021-01-16 14:47:21,159]-INFO - Client:ipv4:127.0.0.1:4334 Status:OK
[2021-01-16 14:47:21,159]-INFO - req:{
  "API": "/api/online",
  "Data": "",
  "APPID": "代理服务",
  "Sign": "",
  "Time": 1610779641
}
[2021-01-16 14:47:22,159]-INFO - Client:ipv4:127.0.0.1:4334 Status:OK
[2021-01-16 14:47:22,159]-INFO - req:{
  "API": "/api/online",
  "Data": "",
  "APPID": "代理服务",
  "Sign": "",
  "Time": 1610779642
}
[2021-01-16 14:47:23,169]-INFO - Client:ipv4:127.0.0.1:4334 Status:OK
[2021-01-16 14:47:23,169]-INFO - req:{
  "API": "/api/online",
  "Data": "",
  "APPID": "代理服务",
  "Sign": "",
  "Time": 1610779643
}
[2021-01-16 14:47:24,175]-INFO - Client:ipv4:127.0.0.1:4334 Status:OK
[2021-01-16 14:47:24,176]-INFO - req:{
  "API": "/api/online",
  "Data": "",
  "APPID": "代理服务",
  "Sign": "",
  "Time": 1610779644
}
[2021-01-16 14:47:25,177]-INFO - Client:ipv4:127.0.0.1:4334 Status:OK
[2021-01-16 14:47:25,180]-INFO - req:{
  "API": "/api/online",
  "Data": "",
  "APPID": "代理服务",
  "Sign": "",
  "Time": 1610779645
}
[2021-01-16 14:47:26,179]-INFO - Client:ipv4:127.0.0.1:4334 Status:OK
[2021-01-16 14:47:26,180]-INFO - req:{
  "API": "/api/online",
  "Data": "",
  "APPID": "代理服务",
  "Sign": "",
  "Time": 1610779646
}
[2021-01-16 14:47:27,189]-INFO - Client:ipv4:127.0.0.1:4334 Status:OK
[2021-01-16 14:47:27,189]-INFO - req:{
  "API": "/api/online",
  "Data": "",
  "APPID": "代理服务",
  "Sign": "",
  "Time": 1610779647
}
[2021-01-16 14:47:28,195]-INFO - Client:ipv4:127.0.0.1:4334 Status:OK
[2021-01-16 14:47:28,200]-INFO - req:{
  "API": "/api/online",
  "Data": "",
  "APPID": "代理服务",
  "Sign": "",
  "Time": 1610779648
}
[2021-01-16 14:47:29,200]-INFO - Client:ipv4:127.0.0.1:4334 Status:OK
[2021-01-16 14:47:29,200]-INFO - req:{
  "API": "/api/online",
  "Data": "",
  "APPID": "代理服务",
  "Sign": "",
  "Time": 1610779649
}
[2021-01-16 14:47:30,209]-INFO - Client:ipv4:127.0.0.1:4334 Status:OK
[2021-01-16 14:47:30,209]-INFO - req:{
  "API": "/api/online",
  "Data": "",
  "APPID": "代理服务",
  "Sign": "",
  "Time": 1610779650
}
[2021-01-16 14:47:31,214]-INFO - Client:ipv4:127.0.0.1:4334 Status:OK
[2021-01-16 14:47:31,214]-INFO - req:{
  "API": "/api/online",
  "Data": "",
  "APPID": "代理服务",
  "Sign": "",
  "Time": 1610779651
}
[2021-01-16 14:47:32,217]-INFO - Client:ipv4:127.0.0.1:4334 Status:OK
[2021-01-16 14:47:32,217]-INFO - req:{
  "API": "/api/online",
  "Data": "",
  "APPID": "代理服务",
  "Sign": "",
  "Time": 1610779652
}
[2021-01-16 14:47:33,219]-INFO - Client:ipv4:127.0.0.1:4334 Status:OK
[2021-01-16 14:47:33,219]-INFO - req:{
  "API": "/api/online",
  "Data": "",
  "APPID": "代理服务",
  "Sign": "",
  "Time": 1610779653
}
[2021-01-16 14:47:34,225]-INFO - Client:ipv4:127.0.0.1:4334 Status:OK
[2021-01-16 14:47:34,225]-INFO - req:{
  "API": "/api/online",
  "Data": "",
  "APPID": "代理服务",
  "Sign": "",
  "Time": 1610779654
}
[2021-01-16 14:47:35,235]-INFO - Client:ipv4:127.0.0.1:4334 Status:OK
[2021-01-16 14:47:35,235]-INFO - req:{
  "API": "/api/online",
  "Data": "",
  "APPID": "代理服务",
  "Sign": "",
  "Time": 1610779655
}
[2021-01-16 14:47:36,241]-INFO - Client:ipv4:127.0.0.1:4334 Status:OK
[2021-01-16 14:47:36,241]-INFO - req:{
  "API": "/api/online",
  "Data": "",
  "APPID": "代理服务",
  "Sign": "",
  "Time": 1610779656
}
[2021-01-16 14:47:37,250]-INFO - Client:ipv4:127.0.0.1:4334 Status:OK
[2021-01-16 14:47:37,250]-INFO - req:{
  "API": "/api/online",
  "Data": "",
  "APPID": "代理服务",
  "Sign": "",
  "Time": 1610779657
}
[2021-01-16 14:47:38,257]-INFO - Client:ipv4:127.0.0.1:4334 Status:OK
[2021-01-16 14:47:38,257]-INFO - req:{
  "API": "/api/online",
  "Data": "",
  "APPID": "代理服务",
  "Sign": "",
  "Time": 1610779658
}
[2021-01-16 14:47:39,261]-INFO - Client:ipv4:127.0.0.1:4334 Status:OK
[2021-01-16 14:47:39,261]-INFO - req:{
  "API": "/api/online",
  "Data": "",
  "APPID": "代理服务",
  "Sign": "",
  "Time": 1610779659
}
[2021-01-16 14:47:40,270]-INFO - Client:ipv4:127.0.0.1:4334 Status:OK
[2021-01-16 14:47:40,270]-INFO - req:{
  "API": "/api/online",
  "Data": "",
  "APPID": "代理服务",
  "Sign": "",
  "Time": 1610779660
}
[2021-01-16 14:47:41,280]-INFO - Client:ipv4:127.0.0.1:4334 Status:OK
[2021-01-16 14:47:41,280]-INFO - req:{
  "API": "/api/online",
  "Data": "",
  "APPID": "代理服务",
  "Sign": "",
  "Time": 1610779661
}
[2021-01-16 14:47:42,290]-INFO - Client:ipv4:127.0.0.1:4334 Status:OK
[2021-01-16 14:47:42,290]-INFO - req:{
  "API": "/api/online",
  "Data": "",
  "APPID": "代理服务",
  "Sign": "",
  "Time": 1610779662
}
[2021-01-16 14:47:43,300]-INFO - Client:ipv4:127.0.0.1:4334 Status:OK
[2021-01-16 14:47:43,300]-INFO - req:{
  "API": "/api/online",
  "Data": "",
  "APPID": "代理服务",
  "Sign": "",
  "Time": 1610779663
}
[2021-01-16 14:47:44,305]-INFO - Client:ipv4:127.0.0.1:4334 Status:OK
[2021-01-16 14:47:44,305]-INFO - req:{
  "API": "/api/online",
  "Data": "",
  "APPID": "代理服务",
  "Sign": "",
  "Time": 1610779664
}
[2021-01-16 14:47:45,313]-INFO - Client:ipv4:127.0.0.1:4334 Status:OK
[2021-01-16 14:47:45,313]-INFO - req:{
  "API": "/api/online",
  "Data": "",
  "APPID": "代理服务",
  "Sign": "",
  "Time": 1610779665
}
[2021-01-16 14:47:46,315]-INFO - Client:ipv4:127.0.0.1:4334 Status:OK
[2021-01-16 14:47:46,315]-INFO - req:{
  "API": "/api/online",
  "Data": "",
  "APPID": "代理服务",
  "Sign": "",
  "Time": 1610779666
}
[2021-01-16 14:47:47,322]-INFO - Client:ipv4:127.0.0.1:4334 Status:OK
[2021-01-16 14:47:47,322]-INFO - req:{
  "API": "/api/online",
  "Data": "",
  "APPID": "代理服务",
  "Sign": "",
  "Time": 1610779667
}
[2021-01-16 14:47:48,327]-INFO - Client:ipv4:127.0.0.1:4334 Status:OK
[2021-01-16 14:47:48,327]-INFO - req:{
  "API": "/api/online",
  "Data": "",
  "APPID": "代理服务",
  "Sign": "",
  "Time": 1610779668
}
[2021-01-16 14:47:49,339]-INFO - Client:ipv4:127.0.0.1:4334 Status:OK
[2021-01-16 14:47:49,339]-INFO - req:{
  "API": "/api/online",
  "Data": "",
  "APPID": "代理服务",
  "Sign": "",
  "Time": 1610779669
}
[2021-01-16 14:47:50,348]-INFO - Client:ipv4:127.0.0.1:4334 Status:OK
[2021-01-16 14:47:50,348]-INFO - req:{
  "API": "/api/online",
  "Data": "",
  "APPID": "代理服务",
  "Sign": "",
  "Time": 1610779670
}
[2021-01-16 14:47:51,355]-INFO - Client:ipv4:127.0.0.1:4334 Status:OK
[2021-01-16 14:47:51,355]-INFO - req:{
  "API": "/api/online",
  "Data": "",
  "APPID": "代理服务",
  "Sign": "",
  "Time": 1610779671
}
[2021-01-16 14:47:52,360]-INFO - Client:ipv4:127.0.0.1:4334 Status:OK
[2021-01-16 14:47:52,360]-INFO - req:{
  "API": "/api/online",
  "Data": "",
  "APPID": "代理服务",
  "Sign": "",
  "Time": 1610779672
}
[2021-01-16 14:47:53,365]-INFO - Client:ipv4:127.0.0.1:4334 Status:OK
[2021-01-16 14:47:53,370]-INFO - req:{
  "API": "/api/online",
  "Data": "",
  "APPID": "代理服务",
  "Sign": "",
  "Time": 1610779673
}
[2021-01-16 14:47:54,370]-INFO - Client:ipv4:127.0.0.1:4334 Status:OK
[2021-01-16 14:47:54,370]-INFO - req:{
  "API": "/api/online",
  "Data": "",
  "APPID": "代理服务",
  "Sign": "",
  "Time": 1610779674
}
[2021-01-16 14:47:55,378]-INFO - Client:ipv4:127.0.0.1:4334 Status:OK
[2021-01-16 14:47:55,378]-INFO - req:{
  "API": "/api/online",
  "Data": "",
  "APPID": "代理服务",
  "Sign": "",
  "Time": 1610779675
}
[2021-01-16 14:47:56,385]-INFO - Client:ipv4:127.0.0.1:4334 Status:OK
[2021-01-16 14:47:56,385]-INFO - req:{
  "API": "/api/online",
  "Data": "",
  "APPID": "代理服务",
  "Sign": "",
  "Time": 1610779676
}
[2021-01-16 14:47:57,390]-INFO - Client:ipv4:127.0.0.1:4334 Status:OK
[2021-01-16 14:47:57,390]-INFO - req:{
  "API": "/api/online",
  "Data": "",
  "APPID": "代理服务",
  "Sign": "",
  "Time": 1610779677
}
[2021-01-16 14:47:58,397]-INFO - Client:ipv4:127.0.0.1:4334 Status:OK
[2021-01-16 14:47:58,397]-INFO - req:{
  "API": "/api/online",
  "Data": "",
  "APPID": "代理服务",
  "Sign": "",
  "Time": 1610779678
}
[2021-01-16 14:47:59,400]-INFO - Client:ipv4:127.0.0.1:4334 Status:OK
[2021-01-16 14:47:59,400]-INFO - req:{
  "API": "/api/online",
  "Data": "",
  "APPID": "代理服务",
  "Sign": "",
  "Time": 1610779679
}
[2021-01-16 14:48:00,405]-INFO - Client:ipv4:127.0.0.1:4334 Status:OK
[2021-01-16 14:48:00,407]-INFO - req:{
  "API": "/api/online",
  "Data": "",
  "APPID": "代理服务",
  "Sign": "",
  "Time": 1610779680
}
[2021-01-16 14:48:01,409]-INFO - Client:ipv4:127.0.0.1:4334 Status:OK
[2021-01-16 14:48:01,410]-INFO - req:{
  "API": "/api/online",
  "Data": "",
  "APPID": "代理服务",
  "Sign": "",
  "Time": 1610779681
}
[2021-01-16 14:48:02,410]-INFO - Client:ipv4:127.0.0.1:4334 Status:OK
[2021-01-16 14:48:02,410]-INFO - req:{
  "API": "/api/online",
  "Data": "",
  "APPID": "代理服务",
  "Sign": "",
  "Time": 1610779682
}
[2021-01-16 14:48:03,415]-INFO - Client:ipv4:127.0.0.1:4334 Status:OK
[2021-01-16 14:48:03,415]-INFO - req:{
  "API": "/api/online",
  "Data": "",
  "APPID": "代理服务",
  "Sign": "",
  "Time": 1610779683
}
[2021-01-16 14:48:04,418]-INFO - Client:ipv4:127.0.0.1:4334 Status:OK
[2021-01-16 14:48:04,420]-INFO - req:{
  "API": "/api/online",
  "Data": "",
  "APPID": "代理服务",
  "Sign": "",
  "Time": 1610779684
}
[2021-01-16 14:48:05,420]-INFO - Client:ipv4:127.0.0.1:4334 Status:OK
[2021-01-16 14:48:05,422]-INFO - req:{
  "API": "/api/online",
  "Data": "",
  "APPID": "代理服务",
  "Sign": "",
  "Time": 1610779685
}
[2021-01-16 14:48:06,427]-INFO - Client:ipv4:127.0.0.1:4334 Status:OK
[2021-01-16 14:48:06,430]-INFO - req:{
  "API": "/api/online",
  "Data": "",
  "APPID": "代理服务",
  "Sign": "",
  "Time": 1610779686
}
[2021-01-16 14:48:07,429]-INFO - Client:ipv4:127.0.0.1:4334 Status:OK
[2021-01-16 14:48:07,429]-INFO - req:{
  "API": "/api/online",
  "Data": "",
  "APPID": "代理服务",
  "Sign": "",
  "Time": 1610779687
}
[2021-01-16 14:48:08,430]-INFO - Client:ipv4:127.0.0.1:4334 Status:OK
[2021-01-16 14:48:08,430]-INFO - req:{
  "API": "/api/online",
  "Data": "",
  "APPID": "代理服务",
  "Sign": "",
  "Time": 1610779688
}
[2021-01-16 14:48:09,431]-INFO - Client:ipv4:127.0.0.1:4334 Status:OK
[2021-01-16 14:48:09,431]-INFO - req:{
  "API": "/api/online",
  "Data": "",
  "APPID": "代理服务",
  "Sign": "",
  "Time": 1610779689
}
[2021-01-16 14:48:10,440]-INFO - Client:ipv4:127.0.0.1:4334 Status:OK
[2021-01-16 14:48:10,440]-INFO - req:{
  "API": "/api/online",
  "Data": "",
  "APPID": "代理服务",
  "Sign": "",
  "Time": 1610779690
}
[2021-01-16 14:48:11,450]-INFO - Client:ipv4:127.0.0.1:4334 Status:OK
[2021-01-16 14:48:11,450]-INFO - req:{
  "API": "/api/online",
  "Data": "",
  "APPID": "代理服务",
  "Sign": "",
  "Time": 1610779691
}
[2021-01-16 14:48:12,451]-INFO - Client:ipv4:127.0.0.1:4334 Status:OK
[2021-01-16 14:48:12,451]-INFO - req:{
  "API": "/api/online",
  "Data": "",
  "APPID": "代理服务",
  "Sign": "",
  "Time": 1610779692
}
[2021-01-16 14:48:13,460]-INFO - Client:ipv4:127.0.0.1:4334 Status:OK
[2021-01-16 14:48:13,460]-INFO - req:{
  "API": "/api/online",
  "Data": "",
  "APPID": "代理服务",
  "Sign": "",
  "Time": 1610779693
}
[2021-01-16 14:48:14,467]-INFO - Client:ipv4:127.0.0.1:4334 Status:OK
[2021-01-16 14:48:14,467]-INFO - req:{
  "API": "/api/online",
  "Data": "",
  "APPID": "代理服务",
  "Sign": "",
  "Time": 1610779694
}
[2021-01-16 14:48:15,471]-INFO - Client:ipv4:127.0.0.1:4334 Status:OK
[2021-01-16 14:48:15,471]-INFO - req:{
  "API": "/api/online",
  "Data": "",
  "APPID": "代理服务",
  "Sign": "",
  "Time": 1610779695
}
[2021-01-16 14:48:16,475]-INFO - Client:ipv4:127.0.0.1:4334 Status:OK
[2021-01-16 14:48:16,475]-INFO - req:{
  "API": "/api/online",
  "Data": "",
  "APPID": "代理服务",
  "Sign": "",
  "Time": 1610779696
}
[2021-01-16 14:48:17,477]-INFO - Client:ipv4:127.0.0.1:4334 Status:OK
[2021-01-16 14:48:17,477]-INFO - req:{
  "API": "/api/online",
  "Data": "",
  "APPID": "代理服务",
  "Sign": "",
  "Time": 1610779697
}
[2021-01-16 14:48:18,483]-INFO - Client:ipv4:127.0.0.1:4334 Status:OK
[2021-01-16 14:48:18,483]-INFO - req:{
  "API": "/api/online",
  "Data": "",
  "APPID": "代理服务",
  "Sign": "",
  "Time": 1610779698
}
[2021-01-16 14:48:19,485]-INFO - Client:ipv4:127.0.0.1:4334 Status:OK
[2021-01-16 14:48:19,485]-INFO - req:{
  "API": "/api/online",
  "Data": "",
  "APPID": "代理服务",
  "Sign": "",
  "Time": 1610779699
}
[2021-01-16 14:48:20,495]-INFO - Client:ipv4:127.0.0.1:4334 Status:OK
[2021-01-16 14:48:20,495]-INFO - req:{
  "API": "/api/online",
  "Data": "",
  "APPID": "代理服务",
  "Sign": "",
  "Time": 1610779700
}
[2021-01-16 14:48:21,503]-INFO - Client:ipv4:127.0.0.1:4334 Status:OK
[2021-01-16 14:48:21,503]-INFO - req:{
  "API": "/api/online",
  "Data": "",
  "APPID": "代理服务",
  "Sign": "",
  "Time": 1610779701
}
[2021-01-16 14:48:22,510]-INFO - Client:ipv4:127.0.0.1:4334 Status:OK
[2021-01-16 14:48:22,510]-INFO - req:{
  "API": "/api/online",
  "Data": "",
  "APPID": "代理服务",
  "Sign": "",
  "Time": 1610779702
}
[2021-01-16 14:48:23,515]-INFO - Client:ipv4:127.0.0.1:4334 Status:OK
[2021-01-16 14:48:23,515]-INFO - req:{
  "API": "/api/online",
  "Data": "",
  "APPID": "代理服务",
  "Sign": "",
  "Time": 1610779703
}
[2021-01-16 14:48:24,519]-INFO - Client:ipv4:127.0.0.1:4334 Status:OK
[2021-01-16 14:48:24,519]-INFO - req:{
  "API": "/api/online",
  "Data": "",
  "APPID": "代理服务",
  "Sign": "",
  "Time": 1610779704
}
[2021-01-16 14:48:25,527]-INFO - Client:ipv4:127.0.0.1:4334 Status:OK
[2021-01-16 14:48:25,527]-INFO - req:{
  "API": "/api/online",
  "Data": "",
  "APPID": "代理服务",
  "Sign": "",
  "Time": 1610779705
}
[2021-01-16 14:48:26,535]-INFO - Client:ipv4:127.0.0.1:4334 Status:OK
[2021-01-16 14:48:26,535]-INFO - req:{
  "API": "/api/online",
  "Data": "",
  "APPID": "代理服务",
  "Sign": "",
  "Time": 1610779706
}
[2021-01-16 14:48:27,549]-INFO - Client:ipv4:127.0.0.1:4334 Status:OK
[2021-01-16 14:48:27,549]-INFO - req:{
  "API": "/api/online",
  "Data": "",
  "APPID": "代理服务",
  "Sign": "",
  "Time": 1610779707
}
[2021-01-16 14:48:28,550]-INFO - Client:ipv4:127.0.0.1:4334 Status:OK
[2021-01-16 14:48:28,550]-INFO - req:{
  "API": "/api/online",
  "Data": "",
  "APPID": "代理服务",
  "Sign": "",
  "Time": 1610779708
}
[2021-01-16 14:48:29,553]-INFO - Client:ipv4:127.0.0.1:4334 Status:OK
[2021-01-16 14:48:29,553]-INFO - req:{
  "API": "/api/online",
  "Data": "",
  "APPID": "代理服务",
  "Sign": "",
  "Time": 1610779709
}
[2021-01-16 14:48:30,555]-INFO - Client:ipv4:127.0.0.1:4334 Status:OK
[2021-01-16 14:48:30,555]-INFO - req:{
  "API": "/api/online",
  "Data": "",
  "APPID": "代理服务",
  "Sign": "",
  "Time": 1610779710
}
[2021-01-16 14:48:31,565]-INFO - Client:ipv4:127.0.0.1:4334 Status:OK
[2021-01-16 14:48:31,565]-INFO - req:{
  "API": "/api/online",
  "Data": "",
  "APPID": "代理服务",
  "Sign": "",
  "Time": 1610779711
}
[2021-01-16 14:48:32,569]-INFO - Client:ipv4:127.0.0.1:4334 Status:OK
[2021-01-16 14:48:32,569]-INFO - req:{
  "API": "/api/online",
  "Data": "",
  "APPID": "代理服务",
  "Sign": "",
  "Time": 1610779712
}
[2021-01-16 14:48:33,580]-INFO - Client:ipv4:127.0.0.1:4334 Status:OK
[2021-01-16 14:48:33,580]-INFO - req:{
  "API": "/api/online",
  "Data": "",
  "APPID": "代理服务",
  "Sign": "",
  "Time": 1610779713
}
[2021-01-16 14:48:34,590]-INFO - Client:ipv4:127.0.0.1:4334 Status:OK
[2021-01-16 14:48:34,590]-INFO - req:{
  "API": "/api/online",
  "Data": "",
  "APPID": "代理服务",
  "Sign": "",
  "Time": 1610779714
}
[2021-01-16 14:48:35,600]-INFO - Client:ipv4:127.0.0.1:4334 Status:OK
[2021-01-16 14:48:35,605]-INFO - req:{
  "API": "/api/online",
  "Data": "",
  "APPID": "代理服务",
  "Sign": "",
  "Time": 1610779715
}
[2021-01-16 14:48:36,610]-INFO - Client:ipv4:127.0.0.1:4334 Status:OK
[2021-01-16 14:48:36,610]-INFO - req:{
  "API": "/api/online",
  "Data": "",
  "APPID": "代理服务",
  "Sign": "",
  "Time": 1610779716
}
[2021-01-16 14:48:37,620]-INFO - Client:ipv4:127.0.0.1:4334 Status:OK
[2021-01-16 14:48:37,625]-INFO - req:{
  "API": "/api/online",
  "Data": "",
  "APPID": "代理服务",
  "Sign": "",
  "Time": 1610779717
}
[2021-01-16 14:48:38,630]-INFO - Client:ipv4:127.0.0.1:4334 Status:OK
[2021-01-16 14:48:38,630]-INFO - req:{
  "API": "/api/online",
  "Data": "",
  "APPID": "代理服务",
  "Sign": "",
  "Time": 1610779718
}
[2021-01-16 14:48:39,639]-INFO - Client:ipv4:127.0.0.1:4334 Status:OK
[2021-01-16 14:48:39,639]-INFO - req:{
  "API": "/api/online",
  "Data": "",
  "APPID": "代理服务",
  "Sign": "",
  "Time": 1610779719
}
[2021-01-16 14:48:40,650]-INFO - Client:ipv4:127.0.0.1:4334 Status:OK
[2021-01-16 14:48:40,650]-INFO - req:{
  "API": "/api/online",
  "Data": "",
  "APPID": "代理服务",
  "Sign": "",
  "Time": 1610779720
}
[2021-01-16 14:48:41,660]-INFO - Client:ipv4:127.0.0.1:4334 Status:OK
[2021-01-16 14:48:41,660]-INFO - req:{
  "API": "/api/online",
  "Data": "",
  "APPID": "代理服务",
  "Sign": "",
  "Time": 1610779721
}
[2021-01-16 14:48:42,670]-INFO - Client:ipv4:127.0.0.1:4334 Status:OK
[2021-01-16 14:48:42,670]-INFO - req:{
  "API": "/api/online",
  "Data": "",
  "APPID": "代理服务",
  "Sign": "",
  "Time": 1610779722
}
[2021-01-16 14:48:43,677]-INFO - Client:ipv4:127.0.0.1:4334 Status:OK
[2021-01-16 14:48:43,677]-INFO - req:{
  "API": "/api/online",
  "Data": "",
  "APPID": "代理服务",
  "Sign": "",
  "Time": 1610779723
}
[2021-01-16 14:48:44,685]-INFO - Client:ipv4:127.0.0.1:4334 Status:OK
[2021-01-16 14:48:44,685]-INFO - req:{
  "API": "/api/online",
  "Data": "",
  "APPID": "代理服务",
  "Sign": "",
  "Time": 1610779724
}
[2021-01-16 14:48:45,690]-INFO - Client:ipv4:127.0.0.1:4334 Status:OK
[2021-01-16 14:48:45,690]-INFO - req:{
  "API": "/api/online",
  "Data": "",
  "APPID": "代理服务",
  "Sign": "",
  "Time": 1610779725
}
[2021-01-16 14:48:46,695]-INFO - Client:ipv4:127.0.0.1:4334 Status:OK
[2021-01-16 14:48:46,695]-INFO - req:{
  "API": "/api/online",
  "Data": "",
  "APPID": "代理服务",
  "Sign": "",
  "Time": 1610779726
}
[2021-01-16 14:48:47,700]-INFO - Client:ipv4:127.0.0.1:4334 Status:OK
[2021-01-16 14:48:47,700]-INFO - req:{
  "API": "/api/online",
  "Data": "",
  "APPID": "代理服务",
  "Sign": "",
  "Time": 1610779727
}
[2021-01-16 14:48:48,707]-INFO - Client:ipv4:127.0.0.1:4334 Status:OK
[2021-01-16 14:48:48,707]-INFO - req:{
  "API": "/api/online",
  "Data": "",
  "APPID": "代理服务",
  "Sign": "",
  "Time": 1610779728
}
[2021-01-16 14:48:49,709]-INFO - Client:ipv4:127.0.0.1:4334 Status:OK
[2021-01-16 14:48:49,709]-INFO - req:{
  "API": "/api/online",
  "Data": "",
  "APPID": "代理服务",
  "Sign": "",
  "Time": 1610779729
}
[2021-01-16 14:48:50,715]-INFO - Client:ipv4:127.0.0.1:4334 Status:OK
[2021-01-16 14:48:50,715]-INFO - req:{
  "API": "/api/online",
  "Data": "",
  "APPID": "代理服务",
  "Sign": "",
  "Time": 1610779730
}
[2021-01-16 14:48:51,719]-INFO - Client:ipv4:127.0.0.1:4334 Status:OK
[2021-01-16 14:48:51,727]-INFO - req:{
  "API": "/api/online",
  "Data": "",
  "APPID": "代理服务",
  "Sign": "",
  "Time": 1610779731
}
[2021-01-16 14:48:52,730]-INFO - Client:ipv4:127.0.0.1:4334 Status:OK
[2021-01-16 14:48:52,730]-INFO - req:{
  "API": "/api/online",
  "Data": "",
  "APPID": "代理服务",
  "Sign": "",
  "Time": 1610779732
}
[2021-01-16 14:48:53,735]-INFO - Client:ipv4:127.0.0.1:4334 Status:OK
[2021-01-16 14:48:53,735]-INFO - req:{
  "API": "/api/online",
  "Data": "",
  "APPID": "代理服务",
  "Sign": "",
  "Time": 1610779733
}
[2021-01-16 14:48:54,737]-INFO - Client:ipv4:127.0.0.1:4334 Status:OK
[2021-01-16 14:48:54,737]-INFO - req:{
  "API": "/api/online",
  "Data": "",
  "APPID": "代理服务",
  "Sign": "",
  "Time": 1610779734
}
[2021-01-16 14:48:55,745]-INFO - Client:ipv4:127.0.0.1:4334 Status:OK
[2021-01-16 14:48:55,745]-INFO - req:{
  "API": "/api/online",
  "Data": "",
  "APPID": "代理服务",
  "Sign": "",
  "Time": 1610779735
}
[2021-01-16 14:48:56,759]-INFO - Client:ipv4:127.0.0.1:4334 Status:OK
[2021-01-16 14:48:56,759]-INFO - req:{
  "API": "/api/online",
  "Data": "",
  "APPID": "代理服务",
  "Sign": "",
  "Time": 1610779736
}
[2021-01-16 14:48:57,761]-INFO - Client:ipv4:127.0.0.1:4334 Status:OK
[2021-01-16 14:48:57,761]-INFO - req:{
  "API": "/api/online",
  "Data": "",
  "APPID": "代理服务",
  "Sign": "",
  "Time": 1610779737
}
[2021-01-16 14:48:58,767]-INFO - Client:ipv4:127.0.0.1:4334 Status:OK
[2021-01-16 14:48:58,767]-INFO - req:{
  "API": "/api/online",
  "Data": "",
  "APPID": "代理服务",
  "Sign": "",
  "Time": 1610779738
}
[2021-01-16 14:48:59,771]-INFO - Client:ipv4:127.0.0.1:4334 Status:OK
[2021-01-16 14:48:59,771]-INFO - req:{
  "API": "/api/online",
  "Data": "",
  "APPID": "代理服务",
  "Sign": "",
  "Time": 1610779739
}
[2021-01-16 14:49:00,778]-INFO - Client:ipv4:127.0.0.1:4334 Status:OK
[2021-01-16 14:49:00,778]-INFO - req:{
  "API": "/api/online",
  "Data": "",
  "APPID": "代理服务",
  "Sign": "",
  "Time": 1610779740
}
[2021-01-16 14:49:01,790]-INFO - Client:ipv4:127.0.0.1:4334 Status:OK
[2021-01-16 14:49:01,790]-INFO - req:{
  "API": "/api/online",
  "Data": "",
  "APPID": "代理服务",
  "Sign": "",
  "Time": 1610779741
}
[2021-01-16 14:49:02,798]-INFO - Client:ipv4:127.0.0.1:4334 Status:OK
[2021-01-16 14:49:02,798]-INFO - req:{
  "API": "/api/online",
  "Data": "",
  "APPID": "代理服务",
  "Sign": "",
  "Time": 1610779742
}
[2021-01-16 14:49:03,800]-INFO - Client:ipv4:127.0.0.1:4334 Status:OK
[2021-01-16 14:49:03,800]-INFO - req:{
  "API": "/api/online",
  "Data": "",
  "APPID": "代理服务",
  "Sign": "",
  "Time": 1610779743
}
[2021-01-16 14:49:04,800]-INFO - Client:ipv4:127.0.0.1:4334 Status:OK
[2021-01-16 14:49:04,800]-INFO - req:{
  "API": "/api/online",
  "Data": "",
  "APPID": "代理服务",
  "Sign": "",
  "Time": 1610779744
}
[2021-01-16 14:49:05,809]-INFO - Client:ipv4:127.0.0.1:4334 Status:OK
[2021-01-16 14:49:05,809]-INFO - req:{
  "API": "/api/online",
  "Data": "",
  "APPID": "代理服务",
  "Sign": "",
  "Time": 1610779745
}
[2021-01-16 14:49:06,820]-INFO - Client:ipv4:127.0.0.1:4334 Status:OK
[2021-01-16 14:49:06,825]-INFO - req:{
  "API": "/api/online",
  "Data": "",
  "APPID": "代理服务",
  "Sign": "",
  "Time": 1610779746
}
[2021-01-16 14:49:07,827]-INFO - Client:ipv4:127.0.0.1:4334 Status:OK
[2021-01-16 14:49:07,827]-INFO - req:{
  "API": "/api/online",
  "Data": "",
  "APPID": "代理服务",
  "Sign": "",
  "Time": 1610779747
}
[2021-01-16 14:49:08,835]-INFO - Client:ipv4:127.0.0.1:4334 Status:OK
[2021-01-16 14:49:08,835]-INFO - req:{
  "API": "/api/online",
  "Data": "",
  "APPID": "代理服务",
  "Sign": "",
  "Time": 1610779748
}
[2021-01-16 14:49:09,840]-INFO - Client:ipv4:127.0.0.1:4334 Status:OK
[2021-01-16 14:49:09,840]-INFO - req:{
  "API": "/api/online",
  "Data": "",
  "APPID": "代理服务",
  "Sign": "",
  "Time": 1610779749
}
[2021-01-16 14:49:10,847]-INFO - Client:ipv4:127.0.0.1:4334 Status:OK
[2021-01-16 14:49:10,847]-INFO - req:{
  "API": "/api/online",
  "Data": "",
  "APPID": "代理服务",
  "Sign": "",
  "Time": 1610779750
}
[2021-01-16 14:49:11,850]-INFO - Client:ipv4:127.0.0.1:4334 Status:OK
[2021-01-16 14:49:11,860]-INFO - req:{
  "API": "/api/online",
  "Data": "",
  "APPID": "代理服务",
  "Sign": "",
  "Time": 1610779751
}
[2021-01-16 14:49:12,865]-INFO - Client:ipv4:127.0.0.1:4334 Status:OK
[2021-01-16 14:49:12,865]-INFO - req:{
  "API": "/api/online",
  "Data": "",
  "APPID": "代理服务",
  "Sign": "",
  "Time": 1610779752
}
[2021-01-16 14:49:13,870]-INFO - Client:ipv4:127.0.0.1:4334 Status:OK
[2021-01-16 14:49:13,875]-INFO - req:{
  "API": "/api/online",
  "Data": "",
  "APPID": "代理服务",
  "Sign": "",
  "Time": 1610779753
}
[2021-01-16 14:49:14,880]-INFO - Client:ipv4:127.0.0.1:4334 Status:OK
[2021-01-16 14:49:14,885]-INFO - req:{
  "API": "/api/online",
  "Data": "",
  "APPID": "代理服务",
  "Sign": "",
  "Time": 1610779754
}
[2021-01-16 14:49:15,889]-INFO - Client:ipv4:127.0.0.1:4334 Status:OK
[2021-01-16 14:49:15,889]-INFO - req:{
  "API": "/api/online",
  "Data": "",
  "APPID": "代理服务",
  "Sign": "",
  "Time": 1610779755
}
[2021-01-16 14:49:16,893]-INFO - Client:ipv4:127.0.0.1:4334 Status:OK
[2021-01-16 14:49:16,893]-INFO - req:{
  "API": "/api/online",
  "Data": "",
  "APPID": "代理服务",
  "Sign": "",
  "Time": 1610779756
}
[2021-01-16 14:49:17,899]-INFO - Client:ipv4:127.0.0.1:4334 Status:OK
[2021-01-16 14:49:17,899]-INFO - req:{
  "API": "/api/online",
  "Data": "",
  "APPID": "代理服务",
  "Sign": "",
  "Time": 1610779757
}
[2021-01-16 14:49:18,900]-INFO - Client:ipv4:127.0.0.1:4334 Status:OK
[2021-01-16 14:49:18,900]-INFO - req:{
  "API": "/api/online",
  "Data": "",
  "APPID": "代理服务",
  "Sign": "",
  "Time": 1610779758
}
[2021-01-16 14:49:19,903]-INFO - Client:ipv4:127.0.0.1:4334 Status:OK
[2021-01-16 14:49:19,903]-INFO - req:{
  "API": "/api/online",
  "Data": "",
  "APPID": "代理服务",
  "Sign": "",
  "Time": 1610779759
}
[2021-01-16 14:49:20,905]-INFO - Client:ipv4:127.0.0.1:4334 Status:OK
[2021-01-16 14:49:20,905]-INFO - req:{
  "API": "/api/online",
  "Data": "",
  "APPID": "代理服务",
  "Sign": "",
  "Time": 1610779760
}
[2021-01-16 14:49:21,915]-INFO - Client:ipv4:127.0.0.1:4334 Status:OK
[2021-01-16 14:49:21,915]-INFO - req:{
  "API": "/api/online",
  "Data": "",
  "APPID": "代理服务",
  "Sign": "",
  "Time": 1610779761
}
[2021-01-16 14:49:22,917]-INFO - Client:ipv4:127.0.0.1:4334 Status:OK
[2021-01-16 14:49:22,917]-INFO - req:{
  "API": "/api/online",
  "Data": "",
  "APPID": "代理服务",
  "Sign": "",
  "Time": 1610779762
}
[2021-01-16 14:49:23,920]-INFO - Client:ipv4:127.0.0.1:4334 Status:OK
[2021-01-16 14:49:23,920]-INFO - req:{
  "API": "/api/online",
  "Data": "",
  "APPID": "代理服务",
  "Sign": "",
  "Time": 1610779763
}
[2021-01-16 14:49:24,928]-INFO - Client:ipv4:127.0.0.1:4334 Status:OK
[2021-01-16 14:49:24,928]-INFO - req:{
  "API": "/api/online",
  "Data": "",
  "APPID": "代理服务",
  "Sign": "",
  "Time": 1610779764
}
[2021-01-16 14:49:25,933]-INFO - Client:ipv4:127.0.0.1:4334 Status:OK
[2021-01-16 14:49:25,945]-INFO - req:{
  "API": "/api/online",
  "Data": "",
  "APPID": "代理服务",
  "Sign": "",
  "Time": 1610779765
}
[2021-01-16 14:49:26,945]-INFO - Client:ipv4:127.0.0.1:4334 Status:OK
[2021-01-16 14:49:26,945]-INFO - req:{
  "API": "/api/online",
  "Data": "",
  "APPID": "代理服务",
  "Sign": "",
  "Time": 1610779766
}
[2021-01-16 14:49:27,955]-INFO - Client:ipv4:127.0.0.1:4334 Status:OK
[2021-01-16 14:49:27,960]-INFO - req:{
  "API": "/api/online",
  "Data": "",
  "APPID": "代理服务",
  "Sign": "",
  "Time": 1610779767
}
[2021-01-16 14:49:28,963]-INFO - Client:ipv4:127.0.0.1:4334 Status:OK
[2021-01-16 14:49:28,963]-INFO - req:{
  "API": "/api/online",
  "Data": "",
  "APPID": "代理服务",
  "Sign": "",
  "Time": 1610779768
}
[2021-01-16 14:49:29,965]-INFO - Client:ipv4:127.0.0.1:4334 Status:OK
[2021-01-16 14:49:29,966]-INFO - req:{
  "API": "/api/online",
  "Data": "",
  "APPID": "代理服务",
  "Sign": "",
  "Time": 1610779769
}
[2021-01-16 14:49:30,969]-INFO - Client:ipv4:127.0.0.1:4334 Status:OK
[2021-01-16 14:49:30,970]-INFO - req:{
  "API": "/api/online",
  "Data": "",
  "APPID": "代理服务",
  "Sign": "",
  "Time": 1610779770
}
[2021-01-16 14:49:31,977]-INFO - Client:ipv4:127.0.0.1:4334 Status:OK
[2021-01-16 14:49:31,977]-INFO - req:{
  "API": "/api/online",
  "Data": "",
  "APPID": "代理服务",
  "Sign": "",
  "Time": 1610779771
}
[2021-01-16 14:49:32,978]-INFO - Client:ipv4:127.0.0.1:4334 Status:OK
[2021-01-16 14:49:32,978]-INFO - req:{
  "API": "/api/online",
  "Data": "",
  "APPID": "代理服务",
  "Sign": "",
  "Time": 1610779772
}
[2021-01-16 14:49:33,980]-INFO - Client:ipv4:127.0.0.1:4334 Status:OK
[2021-01-16 14:49:33,980]-INFO - req:{
  "API": "/api/online",
  "Data": "",
  "APPID": "代理服务",
  "Sign": "",
  "Time": 1610779773
}
[2021-01-16 14:49:34,990]-INFO - Client:ipv4:127.0.0.1:4334 Status:OK
[2021-01-16 14:49:34,990]-INFO - req:{
  "API": "/api/online",
  "Data": "",
  "APPID": "代理服务",
  "Sign": "",
  "Time": 1610779774
}
[2021-01-16 14:49:35,998]-INFO - Client:ipv4:127.0.0.1:4334 Status:OK
[2021-01-16 14:49:36,000]-INFO - req:{
  "API": "/api/online",
  "Data": "",
  "APPID": "代理服务",
  "Sign": "",
  "Time": 1610779775
}
[2021-01-16 14:49:37,009]-INFO - Client:ipv4:127.0.0.1:4334 Status:OK
[2021-01-16 14:49:37,009]-INFO - req:{
  "API": "/api/online",
  "Data": "",
  "APPID": "代理服务",
  "Sign": "",
  "Time": 1610779777
}
[2021-01-16 14:49:38,010]-INFO - Client:ipv4:127.0.0.1:4334 Status:OK
[2021-01-16 14:49:38,010]-INFO - req:{
  "API": "/api/online",
  "Data": "",
  "APPID": "代理服务",
  "Sign": "",
  "Time": 1610779778
}
[2021-01-16 14:49:39,018]-INFO - Client:ipv4:127.0.0.1:4334 Status:OK
[2021-01-16 14:49:39,018]-INFO - req:{
  "API": "/api/online",
  "Data": "",
  "APPID": "代理服务",
  "Sign": "",
  "Time": 1610779779
}
[2021-01-16 14:49:40,020]-INFO - Client:ipv4:127.0.0.1:4334 Status:OK
[2021-01-16 14:49:40,020]-INFO - req:{
  "API": "/api/online",
  "Data": "",
  "APPID": "代理服务",
  "Sign": "",
  "Time": 1610779780
}
[2021-01-16 14:49:41,030]-INFO - Client:ipv4:127.0.0.1:4334 Status:OK
[2021-01-16 14:49:41,030]-INFO - req:{
  "API": "/api/online",
  "Data": "",
  "APPID": "代理服务",
  "Sign": "",
  "Time": 1610779781
}
[2021-01-16 14:49:42,035]-INFO - Client:ipv4:127.0.0.1:4334 Status:OK
[2021-01-16 14:49:42,035]-INFO - req:{
  "API": "/api/online",
  "Data": "",
  "APPID": "代理服务",
  "Sign": "",
  "Time": 1610779782
}
[2021-01-16 14:49:43,040]-INFO - Client:ipv4:127.0.0.1:4334 Status:OK
[2021-01-16 14:49:43,040]-INFO - req:{
  "API": "/api/online",
  "Data": "",
  "APPID": "代理服务",
  "Sign": "",
  "Time": 1610779783
}
[2021-01-16 14:49:44,045]-INFO - Client:ipv4:127.0.0.1:4334 Status:OK
[2021-01-16 14:49:44,045]-INFO - req:{
  "API": "/api/online",
  "Data": "",
  "APPID": "代理服务",
  "Sign": "",
  "Time": 1610779784
}
[2021-01-16 14:49:45,047]-INFO - Client:ipv4:127.0.0.1:4334 Status:OK
[2021-01-16 14:49:45,047]-INFO - req:{
  "API": "/api/online",
  "Data": "",
  "APPID": "代理服务",
  "Sign": "",
  "Time": 1610779785
}
[2021-01-16 14:49:46,050]-INFO - Client:ipv4:127.0.0.1:4334 Status:OK
[2021-01-16 14:49:46,050]-INFO - req:{
  "API": "/api/online",
  "Data": "",
  "APPID": "代理服务",
  "Sign": "",
  "Time": 1610779786
}
[2021-01-16 14:49:47,060]-INFO - Client:ipv4:127.0.0.1:4334 Status:OK
[2021-01-16 14:49:47,060]-INFO - req:{
  "API": "/api/online",
  "Data": "",
  "APPID": "代理服务",
  "Sign": "",
  "Time": 1610779787
}
[2021-01-16 14:49:48,063]-INFO - Client:ipv4:127.0.0.1:4334 Status:OK
[2021-01-16 14:49:48,063]-INFO - req:{
  "API": "/api/online",
  "Data": "",
  "APPID": "代理服务",
  "Sign": "",
  "Time": 1610779788
}
[2021-01-16 14:49:49,070]-INFO - Client:ipv4:127.0.0.1:4334 Status:OK
[2021-01-16 14:49:49,070]-INFO - req:{
  "API": "/api/online",
  "Data": "",
  "APPID": "代理服务",
  "Sign": "",
  "Time": 1610779789
}
[2021-01-16 14:49:50,073]-INFO - Client:ipv4:127.0.0.1:4334 Status:OK
[2021-01-16 14:49:50,073]-INFO - req:{
  "API": "/api/online",
  "Data": "",
  "APPID": "代理服务",
  "Sign": "",
  "Time": 1610779790
}
[2021-01-16 14:49:51,075]-INFO - Client:ipv4:127.0.0.1:4334 Status:OK
[2021-01-16 14:49:51,075]-INFO - req:{
  "API": "/api/online",
  "Data": "",
  "APPID": "代理服务",
  "Sign": "",
  "Time": 1610779791
}
[2021-01-16 14:49:52,085]-INFO - Client:ipv4:127.0.0.1:4334 Status:OK
[2021-01-16 14:49:52,085]-INFO - req:{
  "API": "/api/online",
  "Data": "",
  "APPID": "代理服务",
  "Sign": "",
  "Time": 1610779792
}
[2021-01-16 14:49:53,091]-INFO - Client:ipv4:127.0.0.1:4334 Status:OK
[2021-01-16 14:49:53,091]-INFO - req:{
  "API": "/api/online",
  "Data": "",
  "APPID": "代理服务",
  "Sign": "",
  "Time": 1610779793
}
[2021-01-16 14:49:54,100]-INFO - Client:ipv4:127.0.0.1:4334 Status:OK
[2021-01-16 14:49:54,100]-INFO - req:{
  "API": "/api/online",
  "Data": "",
  "APPID": "代理服务",
  "Sign": "",
  "Time": 1610779794
}
[2021-01-16 14:49:55,110]-INFO - Client:ipv4:127.0.0.1:4334 Status:OK
[2021-01-16 14:49:55,110]-INFO - req:{
  "API": "/api/online",
  "Data": "",
  "APPID": "代理服务",
  "Sign": "",
  "Time": 1610779795
}
[2021-01-16 14:49:56,117]-INFO - Client:ipv4:127.0.0.1:4334 Status:OK
[2021-01-16 14:49:56,117]-INFO - req:{
  "API": "/api/online",
  "Data": "",
  "APPID": "代理服务",
  "Sign": "",
  "Time": 1610779796
}
[2021-01-16 14:49:57,118]-INFO - Client:ipv4:127.0.0.1:4334 Status:OK
[2021-01-16 14:49:57,120]-INFO - req:{
  "API": "/api/online",
  "Data": "",
  "APPID": "代理服务",
  "Sign": "",
  "Time": 1610779797
}
[2021-01-16 14:49:58,120]-INFO - Client:ipv4:127.0.0.1:4334 Status:OK
[2021-01-16 14:49:58,120]-INFO - req:{
  "API": "/api/online",
  "Data": "",
  "APPID": "代理服务",
  "Sign": "",
  "Time": 1610779798
}
[2021-01-16 14:49:59,125]-INFO - Client:ipv4:127.0.0.1:4334 Status:OK
[2021-01-16 14:49:59,125]-INFO - req:{
  "API": "/api/online",
  "Data": "",
  "APPID": "代理服务",
  "Sign": "",
  "Time": 1610779799
}
[2021-01-16 14:50:00,135]-INFO - Client:ipv4:127.0.0.1:4334 Status:OK
[2021-01-16 14:50:00,135]-INFO - req:{
  "API": "/api/online",
  "Data": "",
  "APPID": "代理服务",
  "Sign": "",
  "Time": 1610779800
}
[2021-01-16 14:50:01,149]-INFO - Client:ipv4:127.0.0.1:4334 Status:OK
[2021-01-16 14:50:01,149]-INFO - req:{
  "API": "/api/online",
  "Data": "",
  "APPID": "代理服务",
  "Sign": "",
  "Time": 1610779801
}
[2021-01-16 14:50:02,150]-INFO - Client:ipv4:127.0.0.1:4334 Status:OK
[2021-01-16 14:50:02,150]-INFO - req:{
  "API": "/api/online",
  "Data": "",
  "APPID": "代理服务",
  "Sign": "",
  "Time": 1610779802
}
[2021-01-16 14:50:03,155]-INFO - Client:ipv4:127.0.0.1:4334 Status:OK
[2021-01-16 14:50:03,155]-INFO - req:{
  "API": "/api/online",
  "Data": "",
  "APPID": "代理服务",
  "Sign": "",
  "Time": 1610779803
}
[2021-01-16 14:50:04,155]-INFO - Client:ipv4:127.0.0.1:4334 Status:OK
[2021-01-16 14:50:04,155]-INFO - req:{
  "API": "/api/online",
  "Data": "",
  "APPID": "代理服务",
  "Sign": "",
  "Time": 1610779804
}
[2021-01-16 14:50:05,170]-INFO - Client:ipv4:127.0.0.1:4334 Status:OK
[2021-01-16 14:50:05,170]-INFO - req:{
  "API": "/api/online",
  "Data": "",
  "APPID": "代理服务",
  "Sign": "",
  "Time": 1610779805
}
[2021-01-16 14:50:06,180]-INFO - Client:ipv4:127.0.0.1:4334 Status:OK
[2021-01-16 14:50:06,180]-INFO - req:{
  "API": "/api/online",
  "Data": "",
  "APPID": "代理服务",
  "Sign": "",
  "Time": 1610779806
}
[2021-01-16 14:50:07,183]-INFO - Client:ipv4:127.0.0.1:4334 Status:OK
[2021-01-16 14:50:07,183]-INFO - req:{
  "API": "/api/online",
  "Data": "",
  "APPID": "代理服务",
  "Sign": "",
  "Time": 1610779807
}
[2021-01-16 14:50:08,188]-INFO - Client:ipv4:127.0.0.1:4334 Status:OK
[2021-01-16 14:50:08,188]-INFO - req:{
  "API": "/api/online",
  "Data": "",
  "APPID": "代理服务",
  "Sign": "",
  "Time": 1610779808
}
[2021-01-16 14:50:09,190]-INFO - Client:ipv4:127.0.0.1:4334 Status:OK
[2021-01-16 14:50:09,190]-INFO - req:{
  "API": "/api/online",
  "Data": "",
  "APPID": "代理服务",
  "Sign": "",
  "Time": 1610779809
}
[2021-01-16 14:50:10,197]-INFO - Client:ipv4:127.0.0.1:4334 Status:OK
[2021-01-16 14:50:10,197]-INFO - req:{
  "API": "/api/online",
  "Data": "",
  "APPID": "代理服务",
  "Sign": "",
  "Time": 1610779810
}
[2021-01-16 14:50:11,210]-INFO - Client:ipv4:127.0.0.1:4334 Status:OK
[2021-01-16 14:50:11,210]-INFO - req:{
  "API": "/api/online",
  "Data": "",
  "APPID": "代理服务",
  "Sign": "",
  "Time": 1610779811
}
[2021-01-16 14:50:12,219]-INFO - Client:ipv4:127.0.0.1:4334 Status:OK
[2021-01-16 14:50:12,219]-INFO - req:{
  "API": "/api/online",
  "Data": "",
  "APPID": "代理服务",
  "Sign": "",
  "Time": 1610779812
}
[2021-01-16 14:50:13,227]-INFO - Client:ipv4:127.0.0.1:4334 Status:OK
[2021-01-16 14:50:13,227]-INFO - req:{
  "API": "/api/online",
  "Data": "",
  "APPID": "代理服务",
  "Sign": "",
  "Time": 1610779813
}
[2021-01-16 14:50:14,230]-INFO - Client:ipv4:127.0.0.1:4334 Status:OK
[2021-01-16 14:50:14,230]-INFO - req:{
  "API": "/api/online",
  "Data": "",
  "APPID": "代理服务",
  "Sign": "",
  "Time": 1610779814
}
[2021-01-16 14:50:15,237]-INFO - Client:ipv4:127.0.0.1:4334 Status:OK
[2021-01-16 14:50:15,237]-INFO - req:{
  "API": "/api/online",
  "Data": "",
  "APPID": "代理服务",
  "Sign": "",
  "Time": 1610779815
}
[2021-01-16 14:50:16,240]-INFO - Client:ipv4:127.0.0.1:4334 Status:OK
[2021-01-16 14:50:16,245]-INFO - req:{
  "API": "/api/online",
  "Data": "",
  "APPID": "代理服务",
  "Sign": "",
  "Time": 1610779816
}
[2021-01-16 14:50:17,245]-INFO - Client:ipv4:127.0.0.1:4334 Status:OK
[2021-01-16 14:50:17,245]-INFO - req:{
  "API": "/api/online",
  "Data": "",
  "APPID": "代理服务",
  "Sign": "",
  "Time": 1610779817
}
[2021-01-16 14:50:18,249]-INFO - Client:ipv4:127.0.0.1:4334 Status:OK
[2021-01-16 14:50:18,249]-INFO - req:{
  "API": "/api/online",
  "Data": "",
  "APPID": "代理服务",
  "Sign": "",
  "Time": 1610779818
}
[2021-01-16 14:50:19,250]-INFO - Client:ipv4:127.0.0.1:4334 Status:OK
[2021-01-16 14:50:19,250]-INFO - req:{
  "API": "/api/online",
  "Data": "",
  "APPID": "代理服务",
  "Sign": "",
  "Time": 1610779819
}
[2021-01-16 14:50:20,255]-INFO - Client:ipv4:127.0.0.1:4334 Status:OK
[2021-01-16 14:50:20,255]-INFO - req:{
  "API": "/api/online",
  "Data": "",
  "APPID": "代理服务",
  "Sign": "",
  "Time": 1610779820
}
[2021-01-16 14:50:21,257]-INFO - Client:ipv4:127.0.0.1:4334 Status:OK
[2021-01-16 14:50:21,257]-INFO - req:{
  "API": "/api/online",
  "Data": "",
  "APPID": "代理服务",
  "Sign": "",
  "Time": 1610779821
}
[2021-01-16 14:50:22,260]-INFO - Client:ipv4:127.0.0.1:4334 Status:OK
[2021-01-16 14:50:22,260]-INFO - req:{
  "API": "/api/online",
  "Data": "",
  "APPID": "代理服务",
  "Sign": "",
  "Time": 1610779822
}
[2021-01-16 14:50:23,265]-INFO - Client:ipv4:127.0.0.1:4334 Status:OK
[2021-01-16 14:50:23,265]-INFO - req:{
  "API": "/api/online",
  "Data": "",
  "APPID": "代理服务",
  "Sign": "",
  "Time": 1610779823
}
[2021-01-16 14:50:24,267]-INFO - Client:ipv4:127.0.0.1:4334 Status:OK
[2021-01-16 14:50:24,267]-INFO - req:{
  "API": "/api/online",
  "Data": "",
  "APPID": "代理服务",
  "Sign": "",
  "Time": 1610779824
}
[2021-01-16 14:50:25,275]-INFO - Client:ipv4:127.0.0.1:4334 Status:OK
[2021-01-16 14:50:25,275]-INFO - req:{
  "API": "/api/online",
  "Data": "",
  "APPID": "代理服务",
  "Sign": "",
  "Time": 1610779825
}
[2021-01-16 14:50:26,278]-INFO - Client:ipv4:127.0.0.1:4334 Status:OK
[2021-01-16 14:50:26,280]-INFO - req:{
  "API": "/api/online",
  "Data": "",
  "APPID": "代理服务",
  "Sign": "",
  "Time": 1610779826
}
[2021-01-16 14:50:27,290]-INFO - Client:ipv4:127.0.0.1:4334 Status:OK
[2021-01-16 14:50:27,290]-INFO - req:{
  "API": "/api/online",
  "Data": "",
  "APPID": "代理服务",
  "Sign": "",
  "Time": 1610779827
}
[2021-01-16 14:50:28,299]-INFO - Client:ipv4:127.0.0.1:4334 Status:OK
[2021-01-16 14:50:28,299]-INFO - req:{
  "API": "/api/online",
  "Data": "",
  "APPID": "代理服务",
  "Sign": "",
  "Time": 1610779828
}
[2021-01-16 14:50:29,305]-INFO - Client:ipv4:127.0.0.1:4334 Status:OK
[2021-01-16 14:50:29,310]-INFO - req:{
  "API": "/api/online",
  "Data": "",
  "APPID": "代理服务",
  "Sign": "",
  "Time": 1610779829
}
[2021-01-16 14:50:30,310]-INFO - Client:ipv4:127.0.0.1:4334 Status:OK
[2021-01-16 14:50:30,310]-INFO - req:{
  "API": "/api/online",
  "Data": "",
  "APPID": "代理服务",
  "Sign": "",
  "Time": 1610779830
}
[2021-01-16 14:50:31,320]-INFO - Client:ipv4:127.0.0.1:4334 Status:OK
[2021-01-16 14:50:31,320]-INFO - req:{
  "API": "/api/online",
  "Data": "",
  "APPID": "代理服务",
  "Sign": "",
  "Time": 1610779831
}
[2021-01-16 14:50:32,327]-INFO - Client:ipv4:127.0.0.1:4334 Status:OK
[2021-01-16 14:50:32,327]-INFO - req:{
  "API": "/api/online",
  "Data": "",
  "APPID": "代理服务",
  "Sign": "",
  "Time": 1610779832
}
[2021-01-16 14:50:33,330]-INFO - Client:ipv4:127.0.0.1:4334 Status:OK
[2021-01-16 14:50:33,330]-INFO - req:{
  "API": "/api/online",
  "Data": "",
  "APPID": "代理服务",
  "Sign": "",
  "Time": 1610779833
}
[2021-01-16 14:50:34,340]-INFO - Client:ipv4:127.0.0.1:4334 Status:OK
[2021-01-16 14:50:34,340]-INFO - req:{
  "API": "/api/online",
  "Data": "",
  "APPID": "代理服务",
  "Sign": "",
  "Time": 1610779834
}
[2021-01-16 14:50:35,347]-INFO - Client:ipv4:127.0.0.1:4334 Status:OK
[2021-01-16 14:50:35,347]-INFO - req:{
  "API": "/api/online",
  "Data": "",
  "APPID": "代理服务",
  "Sign": "",
  "Time": 1610779835
}
[2021-01-16 14:50:36,350]-INFO - Client:ipv4:127.0.0.1:4334 Status:OK
[2021-01-16 14:50:36,350]-INFO - req:{
  "API": "/api/online",
  "Data": "",
  "APPID": "代理服务",
  "Sign": "",
  "Time": 1610779836
}
[2021-01-16 14:50:37,359]-INFO - Client:ipv4:127.0.0.1:4334 Status:OK
[2021-01-16 14:50:37,359]-INFO - req:{
  "API": "/api/online",
  "Data": "",
  "APPID": "代理服务",
  "Sign": "",
  "Time": 1610779837
}
[2021-01-16 14:50:38,367]-INFO - Client:ipv4:127.0.0.1:4334 Status:OK
[2021-01-16 14:50:38,367]-INFO - req:{
  "API": "/api/online",
  "Data": "",
  "APPID": "代理服务",
  "Sign": "",
  "Time": 1610779838
}
[2021-01-16 14:50:39,370]-INFO - Client:ipv4:127.0.0.1:4334 Status:OK
[2021-01-16 14:50:39,371]-INFO - req:{
  "API": "/api/online",
  "Data": "",
  "APPID": "代理服务",
  "Sign": "",
  "Time": 1610779839
}
[2021-01-16 14:50:40,378]-INFO - Client:ipv4:127.0.0.1:4334 Status:OK
[2021-01-16 14:50:40,378]-INFO - req:{
  "API": "/api/online",
  "Data": "",
  "APPID": "代理服务",
  "Sign": "",
  "Time": 1610779840
}
[2021-01-16 14:50:41,379]-INFO - Client:ipv4:127.0.0.1:4334 Status:OK
[2021-01-16 14:50:41,379]-INFO - req:{
  "API": "/api/online",
  "Data": "",
  "APPID": "代理服务",
  "Sign": "",
  "Time": 1610779841
}
[2021-01-16 14:50:42,380]-INFO - Client:ipv4:127.0.0.1:4334 Status:OK
[2021-01-16 14:50:42,380]-INFO - req:{
  "API": "/api/online",
  "Data": "",
  "APPID": "代理服务",
  "Sign": "",
  "Time": 1610779842
}
[2021-01-16 14:50:43,387]-INFO - Client:ipv4:127.0.0.1:4334 Status:OK
[2021-01-16 14:50:43,390]-INFO - req:{
  "API": "/api/online",
  "Data": "",
  "APPID": "代理服务",
  "Sign": "",
  "Time": 1610779843
}
[2021-01-16 14:50:44,390]-INFO - Client:ipv4:127.0.0.1:4334 Status:OK
[2021-01-16 14:50:44,390]-INFO - req:{
  "API": "/api/online",
  "Data": "",
  "APPID": "代理服务",
  "Sign": "",
  "Time": 1610779844
}
[2021-01-16 14:50:45,395]-INFO - Client:ipv4:127.0.0.1:4334 Status:OK
[2021-01-16 14:50:45,395]-INFO - req:{
  "API": "/api/online",
  "Data": "",
  "APPID": "代理服务",
  "Sign": "",
  "Time": 1610779845
}
[2021-01-16 14:50:46,397]-INFO - Client:ipv4:127.0.0.1:4334 Status:OK
[2021-01-16 14:50:46,397]-INFO - req:{
  "API": "/api/online",
  "Data": "",
  "APPID": "代理服务",
  "Sign": "",
  "Time": 1610779846
}
[2021-01-16 14:50:47,405]-INFO - Client:ipv4:127.0.0.1:4334 Status:OK
[2021-01-16 14:50:47,405]-INFO - req:{
  "API": "/api/online",
  "Data": "",
  "APPID": "代理服务",
  "Sign": "",
  "Time": 1610779847
}
[2021-01-16 14:50:48,409]-INFO - Client:ipv4:127.0.0.1:4334 Status:OK
[2021-01-16 14:50:48,409]-INFO - req:{
  "API": "/api/online",
  "Data": "",
  "APPID": "代理服务",
  "Sign": "",
  "Time": 1610779848
}
[2021-01-16 14:50:49,415]-INFO - Client:ipv4:127.0.0.1:4334 Status:OK
[2021-01-16 14:50:49,415]-INFO - req:{
  "API": "/api/online",
  "Data": "",
  "APPID": "代理服务",
  "Sign": "",
  "Time": 1610779849
}
[2021-01-16 14:50:50,425]-INFO - Client:ipv4:127.0.0.1:4334 Status:OK
[2021-01-16 14:50:50,425]-INFO - req:{
  "API": "/api/online",
  "Data": "",
  "APPID": "代理服务",
  "Sign": "",
  "Time": 1610779850
}
[2021-01-16 14:50:51,430]-INFO - Client:ipv4:127.0.0.1:4334 Status:OK
[2021-01-16 14:50:51,430]-INFO - req:{
  "API": "/api/online",
  "Data": "",
  "APPID": "代理服务",
  "Sign": "",
  "Time": 1610779851
}
[2021-01-16 14:50:52,433]-INFO - Client:ipv4:127.0.0.1:4334 Status:OK
[2021-01-16 14:50:52,433]-INFO - req:{
  "API": "/api/online",
  "Data": "",
  "APPID": "代理服务",
  "Sign": "",
  "Time": 1610779852
}
[2021-01-16 14:50:53,435]-INFO - Client:ipv4:127.0.0.1:4334 Status:OK
[2021-01-16 14:50:53,435]-INFO - req:{
  "API": "/api/online",
  "Data": "",
  "APPID": "代理服务",
  "Sign": "",
  "Time": 1610779853
}
[2021-01-16 14:50:54,443]-INFO - Client:ipv4:127.0.0.1:4334 Status:OK
[2021-01-16 14:50:54,443]-INFO - req:{
  "API": "/api/online",
  "Data": "",
  "APPID": "代理服务",
  "Sign": "",
  "Time": 1610779854
}
[2021-01-16 14:50:55,450]-INFO - Client:ipv4:127.0.0.1:4334 Status:OK
[2021-01-16 14:50:55,450]-INFO - req:{
  "API": "/api/online",
  "Data": "",
  "APPID": "代理服务",
  "Sign": "",
  "Time": 1610779855
}
[2021-01-16 14:50:56,457]-INFO - Client:ipv4:127.0.0.1:4334 Status:OK
[2021-01-16 14:50:56,457]-INFO - req:{
  "API": "/api/online",
  "Data": "",
  "APPID": "代理服务",
  "Sign": "",
  "Time": 1610779856
}
[2021-01-16 14:50:57,460]-INFO - Client:ipv4:127.0.0.1:4334 Status:OK
[2021-01-16 14:50:57,460]-INFO - req:{
  "API": "/api/online",
  "Data": "",
  "APPID": "代理服务",
  "Sign": "",
  "Time": 1610779857
}
[2021-01-16 14:50:58,465]-INFO - Client:ipv4:127.0.0.1:4334 Status:OK
[2021-01-16 14:50:58,465]-INFO - req:{
  "API": "/api/online",
  "Data": "",
  "APPID": "代理服务",
  "Sign": "",
  "Time": 1610779858
}
[2021-01-16 14:50:59,475]-INFO - Client:ipv4:127.0.0.1:4334 Status:OK
[2021-01-16 14:50:59,475]-INFO - req:{
  "API": "/api/online",
  "Data": "",
  "APPID": "代理服务",
  "Sign": "",
  "Time": 1610779859
}
[2021-01-16 14:51:00,489]-INFO - Client:ipv4:127.0.0.1:4334 Status:OK
[2021-01-16 14:51:00,489]-INFO - req:{
  "API": "/api/online",
  "Data": "",
  "APPID": "代理服务",
  "Sign": "",
  "Time": 1610779860
}
[2021-01-16 14:51:01,495]-INFO - Client:ipv4:127.0.0.1:4334 Status:OK
[2021-01-16 14:51:01,495]-INFO - req:{
  "API": "/api/online",
  "Data": "",
  "APPID": "代理服务",
  "Sign": "",
  "Time": 1610779861
}
[2021-01-16 14:51:02,497]-INFO - Client:ipv4:127.0.0.1:4334 Status:OK
[2021-01-16 14:51:02,497]-INFO - req:{
  "API": "/api/online",
  "Data": "",
  "APPID": "代理服务",
  "Sign": "",
  "Time": 1610779862
}
[2021-01-16 14:51:03,500]-INFO - Client:ipv4:127.0.0.1:4334 Status:OK
[2021-01-16 14:51:03,505]-INFO - req:{
  "API": "/api/online",
  "Data": "",
  "APPID": "代理服务",
  "Sign": "",
  "Time": 1610779863
}
[2021-01-16 14:51:04,510]-INFO - Client:ipv4:127.0.0.1:4334 Status:OK
[2021-01-16 14:51:04,510]-INFO - req:{
  "API": "/api/online",
  "Data": "",
  "APPID": "代理服务",
  "Sign": "",
  "Time": 1610779864
}
[2021-01-16 14:51:05,515]-INFO - Client:ipv4:127.0.0.1:4334 Status:OK
[2021-01-16 14:51:05,515]-INFO - req:{
  "API": "/api/online",
  "Data": "",
  "APPID": "代理服务",
  "Sign": "",
  "Time": 1610779865
}
[2021-01-16 14:51:06,520]-INFO - Client:ipv4:127.0.0.1:4334 Status:OK
[2021-01-16 14:51:06,525]-INFO - req:{
  "API": "/api/online",
  "Data": "",
  "APPID": "代理服务",
  "Sign": "",
  "Time": 1610779866
}
[2021-01-16 14:51:07,530]-INFO - Client:ipv4:127.0.0.1:4334 Status:OK
[2021-01-16 14:51:07,530]-INFO - req:{
  "API": "/api/online",
  "Data": "",
  "APPID": "代理服务",
  "Sign": "",
  "Time": 1610779867
}
[2021-01-16 14:51:08,531]-INFO - Client:ipv4:127.0.0.1:4334 Status:OK
[2021-01-16 14:51:08,531]-INFO - req:{
  "API": "/api/online",
  "Data": "",
  "APPID": "代理服务",
  "Sign": "",
  "Time": 1610779868
}
[2021-01-16 14:51:09,540]-INFO - Client:ipv4:127.0.0.1:4334 Status:OK
[2021-01-16 14:51:09,540]-INFO - req:{
  "API": "/api/online",
  "Data": "",
  "APPID": "代理服务",
  "Sign": "",
  "Time": 1610779869
}
[2021-01-16 14:51:10,550]-INFO - Client:ipv4:127.0.0.1:4334 Status:OK
[2021-01-16 14:51:10,550]-INFO - req:{
  "API": "/api/online",
  "Data": "",
  "APPID": "代理服务",
  "Sign": "",
  "Time": 1610779870
}
[2021-01-16 14:51:11,559]-INFO - Client:ipv4:127.0.0.1:4334 Status:OK
[2021-01-16 14:51:11,559]-INFO - req:{
  "API": "/api/online",
  "Data": "",
  "APPID": "代理服务",
  "Sign": "",
  "Time": 1610779871
}
[2021-01-16 14:51:12,560]-INFO - Client:ipv4:127.0.0.1:4334 Status:OK
[2021-01-16 14:51:12,560]-INFO - req:{
  "API": "/api/online",
  "Data": "",
  "APPID": "代理服务",
  "Sign": "",
  "Time": 1610779872
}
[2021-01-16 14:51:13,570]-INFO - Client:ipv4:127.0.0.1:4334 Status:OK
[2021-01-16 14:51:13,570]-INFO - req:{
  "API": "/api/online",
  "Data": "",
  "APPID": "代理服务",
  "Sign": "",
  "Time": 1610779873
}
[2021-01-16 14:51:14,575]-INFO - Client:ipv4:127.0.0.1:4334 Status:OK
[2021-01-16 14:51:14,575]-INFO - req:{
  "API": "/api/online",
  "Data": "",
  "APPID": "代理服务",
  "Sign": "",
  "Time": 1610779874
}
[2021-01-16 14:51:15,580]-INFO - Client:ipv4:127.0.0.1:4334 Status:OK
[2021-01-16 14:51:15,580]-INFO - req:{
  "API": "/api/online",
  "Data": "",
  "APPID": "代理服务",
  "Sign": "",
  "Time": 1610779875
}
[2021-01-16 14:51:16,585]-INFO - Client:ipv4:127.0.0.1:4334 Status:OK
[2021-01-16 14:51:16,585]-INFO - req:{
  "API": "/api/online",
  "Data": "",
  "APPID": "代理服务",
  "Sign": "",
  "Time": 1610779876
}
[2021-01-16 14:51:17,589]-INFO - Client:ipv4:127.0.0.1:4334 Status:OK
[2021-01-16 14:51:17,589]-INFO - req:{
  "API": "/api/online",
  "Data": "",
  "APPID": "代理服务",
  "Sign": "",
  "Time": 1610779877
}
[2021-01-16 14:51:18,595]-INFO - Client:ipv4:127.0.0.1:4334 Status:OK
[2021-01-16 14:51:18,595]-INFO - req:{
  "API": "/api/online",
  "Data": "",
  "APPID": "代理服务",
  "Sign": "",
  "Time": 1610779878
}
[2021-01-16 14:51:19,603]-INFO - Client:ipv4:127.0.0.1:4334 Status:OK
[2021-01-16 14:51:19,603]-INFO - req:{
  "API": "/api/online",
  "Data": "",
  "APPID": "代理服务",
  "Sign": "",
  "Time": 1610779879
}
[2021-01-16 14:51:20,607]-INFO - Client:ipv4:127.0.0.1:4334 Status:OK
[2021-01-16 14:51:20,607]-INFO - req:{
  "API": "/api/online",
  "Data": "",
  "APPID": "代理服务",
  "Sign": "",
  "Time": 1610779880
}
[2021-01-16 14:51:21,613]-INFO - Client:ipv4:127.0.0.1:4334 Status:OK
[2021-01-16 14:51:21,613]-INFO - req:{
  "API": "/api/online",
  "Data": "",
  "APPID": "代理服务",
  "Sign": "",
  "Time": 1610779881
}
[2021-01-16 14:51:22,621]-INFO - Client:ipv4:127.0.0.1:4334 Status:OK
[2021-01-16 14:51:22,621]-INFO - req:{
  "API": "/api/online",
  "Data": "",
  "APPID": "代理服务",
  "Sign": "",
  "Time": 1610779882
}
[2021-01-16 14:51:23,622]-INFO - Client:ipv4:127.0.0.1:4334 Status:OK
[2021-01-16 14:51:23,625]-INFO - req:{
  "API": "/api/online",
  "Data": "",
  "APPID": "代理服务",
  "Sign": "",
  "Time": 1610779883
}
[2021-01-16 14:51:24,625]-INFO - Client:ipv4:127.0.0.1:4334 Status:OK
[2021-01-16 14:51:24,625]-INFO - req:{
  "API": "/api/online",
  "Data": "",
  "APPID": "代理服务",
  "Sign": "",
  "Time": 1610779884
}
[2021-01-16 14:51:25,631]-INFO - Client:ipv4:127.0.0.1:4334 Status:OK
[2021-01-16 14:51:25,660]-INFO - req:{
  "API": "/api/online",
  "Data": "",
  "APPID": "代理服务",
  "Sign": "",
  "Time": 1610779885
}
[2021-01-16 14:51:26,641]-INFO - Client:ipv4:127.0.0.1:4334 Status:OK
[2021-01-16 14:51:26,641]-INFO - req:{
  "API": "/api/online",
  "Data": "",
  "APPID": "代理服务",
  "Sign": "",
  "Time": 1610779886
}
[2021-01-16 14:51:27,650]-INFO - Client:ipv4:127.0.0.1:4334 Status:OK
[2021-01-16 14:51:27,650]-INFO - req:{
  "API": "/api/online",
  "Data": "",
  "APPID": "代理服务",
  "Sign": "",
  "Time": 1610779887
}
[2021-01-16 14:51:28,659]-INFO - Client:ipv4:127.0.0.1:4334 Status:OK
[2021-01-16 14:51:28,659]-INFO - req:{
  "API": "/api/online",
  "Data": "",
  "APPID": "代理服务",
  "Sign": "",
  "Time": 1610779888
}
[2021-01-16 14:51:29,660]-INFO - Client:ipv4:127.0.0.1:4334 Status:OK
[2021-01-16 14:51:29,660]-INFO - req:{
  "API": "/api/online",
  "Data": "",
  "APPID": "代理服务",
  "Sign": "",
  "Time": 1610779889
}
[2021-01-16 14:51:30,665]-INFO - Client:ipv4:127.0.0.1:4334 Status:OK
[2021-01-16 14:51:30,665]-INFO - req:{
  "API": "/api/online",
  "Data": "",
  "APPID": "代理服务",
  "Sign": "",
  "Time": 1610779890
}
[2021-01-16 14:51:31,667]-INFO - Client:ipv4:127.0.0.1:4334 Status:OK
[2021-01-16 14:51:31,667]-INFO - req:{
  "API": "/api/online",
  "Data": "",
  "APPID": "代理服务",
  "Sign": "",
  "Time": 1610779891
}
[2021-01-16 14:51:32,675]-INFO - Client:ipv4:127.0.0.1:4334 Status:OK
[2021-01-16 14:51:32,675]-INFO - req:{
  "API": "/api/online",
  "Data": "",
  "APPID": "代理服务",
  "Sign": "",
  "Time": 1610779892
}
[2021-01-16 14:51:33,683]-INFO - Client:ipv4:127.0.0.1:4334 Status:OK
[2021-01-16 14:51:33,683]-INFO - req:{
  "API": "/api/online",
  "Data": "",
  "APPID": "代理服务",
  "Sign": "",
  "Time": 1610779893
}
[2021-01-16 14:51:34,690]-INFO - Client:ipv4:127.0.0.1:4334 Status:OK
[2021-01-16 14:51:34,690]-INFO - req:{
  "API": "/api/online",
  "Data": "",
  "APPID": "代理服务",
  "Sign": "",
  "Time": 1610779894
}
[2021-01-16 14:51:35,695]-INFO - Client:ipv4:127.0.0.1:4334 Status:OK
[2021-01-16 14:51:35,695]-INFO - req:{
  "API": "/api/online",
  "Data": "",
  "APPID": "代理服务",
  "Sign": "",
  "Time": 1610779895
}
[2021-01-16 14:51:36,700]-INFO - Client:ipv4:127.0.0.1:4334 Status:OK
[2021-01-16 14:51:36,700]-INFO - req:{
  "API": "/api/online",
  "Data": "",
  "APPID": "代理服务",
  "Sign": "",
  "Time": 1610779896
}
[2021-01-16 14:51:37,710]-INFO - Client:ipv4:127.0.0.1:4334 Status:OK
[2021-01-16 14:51:37,710]-INFO - req:{
  "API": "/api/online",
  "Data": "",
  "APPID": "代理服务",
  "Sign": "",
  "Time": 1610779897
}
[2021-01-16 14:51:38,718]-INFO - Client:ipv4:127.0.0.1:4334 Status:OK
[2021-01-16 14:51:38,718]-INFO - req:{
  "API": "/api/online",
  "Data": "",
  "APPID": "代理服务",
  "Sign": "",
  "Time": 1610779898
}
[2021-01-16 14:51:39,719]-INFO - Client:ipv4:127.0.0.1:4334 Status:OK
[2021-01-16 14:51:39,725]-INFO - req:{
  "API": "/api/online",
  "Data": "",
  "APPID": "代理服务",
  "Sign": "",
  "Time": 1610779899
}
[2021-01-16 14:51:40,725]-INFO - Client:ipv4:127.0.0.1:4334 Status:OK
[2021-01-16 14:51:40,725]-INFO - req:{
  "API": "/api/online",
  "Data": "",
  "APPID": "代理服务",
  "Sign": "",
  "Time": 1610779900
}
[2021-01-16 14:51:41,725]-INFO - Client:ipv4:127.0.0.1:4334 Status:OK
[2021-01-16 14:51:41,725]-INFO - req:{
  "API": "/api/online",
  "Data": "",
  "APPID": "代理服务",
  "Sign": "",
  "Time": 1610779901
}
[2021-01-16 14:51:42,731]-INFO - Client:ipv4:127.0.0.1:4334 Status:OK
[2021-01-16 14:51:42,731]-INFO - req:{
  "API": "/api/online",
  "Data": "",
  "APPID": "代理服务",
  "Sign": "",
  "Time": 1610779902
}
[2021-01-16 14:51:43,740]-INFO - Client:ipv4:127.0.0.1:4334 Status:OK
[2021-01-16 14:51:43,740]-INFO - req:{
  "API": "/api/online",
  "Data": "",
  "APPID": "代理服务",
  "Sign": "",
  "Time": 1610779903
}
[2021-01-16 14:51:44,741]-INFO - Client:ipv4:127.0.0.1:4334 Status:OK
[2021-01-16 14:51:44,741]-INFO - req:{
  "API": "/api/online",
  "Data": "",
  "APPID": "代理服务",
  "Sign": "",
  "Time": 1610779904
}
[2021-01-16 14:51:45,750]-INFO - Client:ipv4:127.0.0.1:4334 Status:OK
[2021-01-16 14:51:45,750]-INFO - req:{
  "API": "/api/online",
  "Data": "",
  "APPID": "代理服务",
  "Sign": "",
  "Time": 1610779905
}
[2021-01-16 14:51:46,760]-INFO - Client:ipv4:127.0.0.1:4334 Status:OK
[2021-01-16 14:51:46,760]-INFO - req:{
  "API": "/api/online",
  "Data": "",
  "APPID": "代理服务",
  "Sign": "",
  "Time": 1610779906
}
[2021-01-16 14:51:47,765]-INFO - Client:ipv4:127.0.0.1:4334 Status:OK
[2021-01-16 14:51:47,770]-INFO - req:{
  "API": "/api/online",
  "Data": "",
  "APPID": "代理服务",
  "Sign": "",
  "Time": 1610779907
}
[2021-01-16 14:51:48,773]-INFO - Client:ipv4:127.0.0.1:4334 Status:OK
[2021-01-16 14:51:48,773]-INFO - req:{
  "API": "/api/online",
  "Data": "",
  "APPID": "代理服务",
  "Sign": "",
  "Time": 1610779908
}
[2021-01-16 14:51:49,775]-INFO - Client:ipv4:127.0.0.1:4334 Status:OK
[2021-01-16 14:51:49,775]-INFO - req:{
  "API": "/api/online",
  "Data": "",
  "APPID": "代理服务",
  "Sign": "",
  "Time": 1610779909
}
[2021-01-16 14:51:50,783]-INFO - Client:ipv4:127.0.0.1:4334 Status:OK
[2021-01-16 14:51:50,783]-INFO - req:{
  "API": "/api/online",
  "Data": "",
  "APPID": "代理服务",
  "Sign": "",
  "Time": 1610779910
}
[2021-01-16 14:51:51,785]-INFO - Client:ipv4:127.0.0.1:4334 Status:OK
[2021-01-16 14:51:51,785]-INFO - req:{
  "API": "/api/online",
  "Data": "",
  "APPID": "代理服务",
  "Sign": "",
  "Time": 1610779911
}
[2021-01-16 14:51:52,795]-INFO - Client:ipv4:127.0.0.1:4334 Status:OK
[2021-01-16 14:51:52,795]-INFO - req:{
  "API": "/api/online",
  "Data": "",
  "APPID": "代理服务",
  "Sign": "",
  "Time": 1610779912
}
[2021-01-16 14:51:53,801]-INFO - Client:ipv4:127.0.0.1:4334 Status:OK
[2021-01-16 14:51:53,801]-INFO - req:{
  "API": "/api/online",
  "Data": "",
  "APPID": "代理服务",
  "Sign": "",
  "Time": 1610779913
}
[2021-01-16 14:51:54,810]-INFO - Client:ipv4:127.0.0.1:4334 Status:OK
[2021-01-16 14:51:54,810]-INFO - req:{
  "API": "/api/online",
  "Data": "",
  "APPID": "代理服务",
  "Sign": "",
  "Time": 1610779914
}
[2021-01-16 14:51:55,811]-INFO - Client:ipv4:127.0.0.1:4334 Status:OK
[2021-01-16 14:51:55,811]-INFO - req:{
  "API": "/api/online",
  "Data": "",
  "APPID": "代理服务",
  "Sign": "",
  "Time": 1610779915
}
[2021-01-16 14:51:56,820]-INFO - Client:ipv4:127.0.0.1:4334 Status:OK
[2021-01-16 14:51:56,820]-INFO - req:{
  "API": "/api/online",
  "Data": "",
  "APPID": "代理服务",
  "Sign": "",
  "Time": 1610779916
}
[2021-01-16 14:51:57,825]-INFO - Client:ipv4:127.0.0.1:4334 Status:OK
[2021-01-16 14:51:57,825]-INFO - req:{
  "API": "/api/online",
  "Data": "",
  "APPID": "代理服务",
  "Sign": "",
  "Time": 1610779917
}
[2021-01-16 14:51:58,833]-INFO - Client:ipv4:127.0.0.1:4334 Status:OK
[2021-01-16 14:51:58,833]-INFO - req:{
  "API": "/api/online",
  "Data": "",
  "APPID": "代理服务",
  "Sign": "",
  "Time": 1610779918
}
[2021-01-16 14:51:59,835]-INFO - Client:ipv4:127.0.0.1:4334 Status:OK
[2021-01-16 14:51:59,835]-INFO - req:{
  "API": "/api/online",
  "Data": "",
  "APPID": "代理服务",
  "Sign": "",
  "Time": 1610779919
}
[2021-01-16 14:52:00,840]-INFO - Client:ipv4:127.0.0.1:4334 Status:OK
[2021-01-16 14:52:00,840]-INFO - req:{
  "API": "/api/online",
  "Data": "",
  "APPID": "代理服务",
  "Sign": "",
  "Time": 1610779920
}
[2021-01-16 14:52:01,850]-INFO - Client:ipv4:127.0.0.1:4334 Status:OK
[2021-01-16 14:52:01,855]-INFO - req:{
  "API": "/api/online",
  "Data": "",
  "APPID": "代理服务",
  "Sign": "",
  "Time": 1610779921
}
[2021-01-16 14:52:02,860]-INFO - Client:ipv4:127.0.0.1:4334 Status:OK
[2021-01-16 14:52:02,863]-INFO - req:{
  "API": "/api/online",
  "Data": "",
  "APPID": "代理服务",
  "Sign": "",
  "Time": 1610779922
}
[2021-01-16 14:52:03,870]-INFO - Client:ipv4:127.0.0.1:4334 Status:OK
[2021-01-16 14:52:03,870]-INFO - req:{
  "API": "/api/online",
  "Data": "",
  "APPID": "代理服务",
  "Sign": "",
  "Time": 1610779923
}
[2021-01-16 14:52:04,879]-INFO - Client:ipv4:127.0.0.1:4334 Status:OK
[2021-01-16 14:52:04,879]-INFO - req:{
  "API": "/api/online",
  "Data": "",
  "APPID": "代理服务",
  "Sign": "",
  "Time": 1610779924
}
[2021-01-16 14:52:05,885]-INFO - Client:ipv4:127.0.0.1:4334 Status:OK
[2021-01-16 14:52:05,885]-INFO - req:{
  "API": "/api/online",
  "Data": "",
  "APPID": "代理服务",
  "Sign": "",
  "Time": 1610779925
}
[2021-01-16 14:52:06,900]-INFO - Client:ipv4:127.0.0.1:4334 Status:OK
[2021-01-16 14:52:06,900]-INFO - req:{
  "API": "/api/online",
  "Data": "",
  "APPID": "代理服务",
  "Sign": "",
  "Time": 1610779926
}
[2021-01-16 14:52:07,905]-INFO - Client:ipv4:127.0.0.1:4334 Status:OK
[2021-01-16 14:52:07,930]-INFO - req:{
  "API": "/api/online",
  "Data": "",
  "APPID": "代理服务",
  "Sign": "",
  "Time": 1610779927
}
[2021-01-16 14:52:08,910]-INFO - Client:ipv4:127.0.0.1:4334 Status:OK
[2021-01-16 14:52:08,910]-INFO - req:{
  "API": "/api/online",
  "Data": "",
  "APPID": "代理服务",
  "Sign": "",
  "Time": 1610779928
}
[2021-01-16 14:52:09,914]-INFO - Client:ipv4:127.0.0.1:4334 Status:OK
[2021-01-16 14:52:09,914]-INFO - req:{
  "API": "/api/online",
  "Data": "",
  "APPID": "代理服务",
  "Sign": "",
  "Time": 1610779929
}
[2021-01-16 14:52:10,920]-INFO - Client:ipv4:127.0.0.1:4334 Status:OK
[2021-01-16 14:52:10,920]-INFO - req:{
  "API": "/api/online",
  "Data": "",
  "APPID": "代理服务",
  "Sign": "",
  "Time": 1610779930
}
[2021-01-16 14:52:11,930]-INFO - Client:ipv4:127.0.0.1:4334 Status:OK
[2021-01-16 14:52:11,930]-INFO - req:{
  "API": "/api/online",
  "Data": "",
  "APPID": "代理服务",
  "Sign": "",
  "Time": 1610779931
}
[2021-01-16 14:52:12,931]-INFO - Client:ipv4:127.0.0.1:4334 Status:OK
[2021-01-16 14:52:12,931]-INFO - req:{
  "API": "/api/online",
  "Data": "",
  "APPID": "代理服务",
  "Sign": "",
  "Time": 1610779932
}
[2021-01-16 14:52:13,940]-INFO - Client:ipv4:127.0.0.1:4334 Status:OK
[2021-01-16 14:52:13,940]-INFO - req:{
  "API": "/api/online",
  "Data": "",
  "APPID": "代理服务",
  "Sign": "",
  "Time": 1610779933
}
[2021-01-16 14:52:14,948]-INFO - Client:ipv4:127.0.0.1:4334 Status:OK
[2021-01-16 14:52:14,950]-INFO - req:{
  "API": "/api/online",
  "Data": "",
  "APPID": "代理服务",
  "Sign": "",
  "Time": 1610779934
}
[2021-01-16 14:52:15,956]-INFO - Client:ipv4:127.0.0.1:4334 Status:OK
[2021-01-16 14:52:15,956]-INFO - req:{
  "API": "/api/online",
  "Data": "",
  "APPID": "代理服务",
  "Sign": "",
  "Time": 1610779935
}
[2021-01-16 14:52:16,965]-INFO - Client:ipv4:127.0.0.1:4334 Status:OK
[2021-01-16 14:52:16,965]-INFO - req:{
  "API": "/api/online",
  "Data": "",
  "APPID": "代理服务",
  "Sign": "",
  "Time": 1610779936
}
[2021-01-16 14:52:17,975]-INFO - Client:ipv4:127.0.0.1:4334 Status:OK
[2021-01-16 14:52:17,975]-INFO - req:{
  "API": "/api/online",
  "Data": "",
  "APPID": "代理服务",
  "Sign": "",
  "Time": 1610779937
}
[2021-01-16 14:52:18,980]-INFO - Client:ipv4:127.0.0.1:4334 Status:OK
[2021-01-16 14:52:18,980]-INFO - req:{
  "API": "/api/online",
  "Data": "",
  "APPID": "代理服务",
  "Sign": "",
  "Time": 1610779938
}
[2021-01-16 14:52:19,980]-INFO - Client:ipv4:127.0.0.1:4334 Status:OK
[2021-01-16 14:52:19,980]-INFO - req:{
  "API": "/api/online",
  "Data": "",
  "APPID": "代理服务",
  "Sign": "",
  "Time": 1610779939
}
[2021-01-16 14:52:20,985]-INFO - Client:ipv4:127.0.0.1:4334 Status:OK
[2021-01-16 14:52:20,985]-INFO - req:{
  "API": "/api/online",
  "Data": "",
  "APPID": "代理服务",
  "Sign": "",
  "Time": 1610779940
}
[2021-01-16 14:52:21,989]-INFO - Client:ipv4:127.0.0.1:4334 Status:OK
[2021-01-16 14:52:21,989]-INFO - req:{
  "API": "/api/online",
  "Data": "",
  "APPID": "代理服务",
  "Sign": "",
  "Time": 1610779941
}
[2021-01-16 14:52:22,990]-INFO - Client:ipv4:127.0.0.1:4334 Status:OK
[2021-01-16 14:52:22,990]-INFO - req:{
  "API": "/api/online",
  "Data": "",
  "APPID": "代理服务",
  "Sign": "",
  "Time": 1610779942
}
[2021-01-16 14:52:23,991]-INFO - Client:ipv4:127.0.0.1:4334 Status:OK
[2021-01-16 14:52:23,991]-INFO - req:{
  "API": "/api/online",
  "Data": "",
  "APPID": "代理服务",
  "Sign": "",
  "Time": 1610779943
}
[2021-01-16 14:52:25,000]-INFO - Client:ipv4:127.0.0.1:4334 Status:OK
[2021-01-16 14:52:25,000]-INFO - req:{
  "API": "/api/online",
  "Data": "",
  "APPID": "代理服务",
  "Sign": "",
  "Time": 1610779945
}
[2021-01-16 14:52:26,010]-INFO - Client:ipv4:127.0.0.1:4334 Status:OK
[2021-01-16 14:52:26,010]-INFO - req:{
  "API": "/api/online",
  "Data": "",
  "APPID": "代理服务",
  "Sign": "",
  "Time": 1610779946
}
[2021-01-16 14:52:27,017]-INFO - Client:ipv4:127.0.0.1:4334 Status:OK
[2021-01-16 14:52:27,017]-INFO - req:{
  "API": "/api/online",
  "Data": "",
  "APPID": "代理服务",
  "Sign": "",
  "Time": 1610779947
}
[2021-01-16 14:52:28,030]-INFO - Client:ipv4:127.0.0.1:4334 Status:OK
[2021-01-16 14:52:28,030]-INFO - req:{
  "API": "/api/online",
  "Data": "",
  "APPID": "代理服务",
  "Sign": "",
  "Time": 1610779948
}
[2021-01-16 14:52:29,037]-INFO - Client:ipv4:127.0.0.1:4334 Status:OK
[2021-01-16 14:52:29,037]-INFO - req:{
  "API": "/api/online",
  "Data": "",
  "APPID": "代理服务",
  "Sign": "",
  "Time": 1610779949
}
[2021-01-16 14:52:30,043]-INFO - Client:ipv4:127.0.0.1:4334 Status:OK
[2021-01-16 14:52:30,043]-INFO - req:{
  "API": "/api/online",
  "Data": "",
  "APPID": "代理服务",
  "Sign": "",
  "Time": 1610779950
}
[2021-01-16 14:52:31,045]-INFO - Client:ipv4:127.0.0.1:4334 Status:OK
[2021-01-16 14:52:31,045]-INFO - req:{
  "API": "/api/online",
  "Data": "",
  "APPID": "代理服务",
  "Sign": "",
  "Time": 1610779951
}
[2021-01-16 14:52:32,047]-INFO - Client:ipv4:127.0.0.1:4334 Status:OK
[2021-01-16 14:52:32,050]-INFO - req:{
  "API": "/api/online",
  "Data": "",
  "APPID": "代理服务",
  "Sign": "",
  "Time": 1610779952
}
[2021-01-16 14:52:33,050]-INFO - Client:ipv4:127.0.0.1:4334 Status:OK
[2021-01-16 14:52:33,050]-INFO - req:{
  "API": "/api/online",
  "Data": "",
  "APPID": "代理服务",
  "Sign": "",
  "Time": 1610779953
}
[2021-01-16 14:52:34,060]-INFO - Client:ipv4:127.0.0.1:4334 Status:OK
[2021-01-16 14:52:34,060]-INFO - req:{
  "API": "/api/online",
  "Data": "",
  "APPID": "代理服务",
  "Sign": "",
  "Time": 1610779954
}
[2021-01-16 14:52:35,065]-INFO - Client:ipv4:127.0.0.1:4334 Status:OK
[2021-01-16 14:52:35,070]-INFO - req:{
  "API": "/api/online",
  "Data": "",
  "APPID": "代理服务",
  "Sign": "",
  "Time": 1610779955
}
[2021-01-16 14:52:36,070]-INFO - Client:ipv4:127.0.0.1:4334 Status:OK
[2021-01-16 14:52:36,070]-INFO - req:{
  "API": "/api/online",
  "Data": "",
  "APPID": "代理服务",
  "Sign": "",
  "Time": 1610779956
}
[2021-01-16 14:52:37,075]-INFO - Client:ipv4:127.0.0.1:4334 Status:OK
[2021-01-16 14:52:37,075]-INFO - req:{
  "API": "/api/online",
  "Data": "",
  "APPID": "代理服务",
  "Sign": "",
  "Time": 1610779957
}
[2021-01-16 14:52:38,080]-INFO - Client:ipv4:127.0.0.1:4334 Status:OK
[2021-01-16 14:52:38,085]-INFO - req:{
  "API": "/api/online",
  "Data": "",
  "APPID": "代理服务",
  "Sign": "",
  "Time": 1610779958
}
[2021-01-16 14:52:39,090]-INFO - Client:ipv4:127.0.0.1:4334 Status:OK
[2021-01-16 14:52:39,090]-INFO - req:{
  "API": "/api/online",
  "Data": "",
  "APPID": "代理服务",
  "Sign": "",
  "Time": 1610779959
}
[2021-01-16 14:52:40,095]-INFO - Client:ipv4:127.0.0.1:4334 Status:OK
[2021-01-16 14:52:40,095]-INFO - req:{
  "API": "/api/online",
  "Data": "",
  "APPID": "代理服务",
  "Sign": "",
  "Time": 1610779960
}
[2021-01-16 14:52:41,103]-INFO - Client:ipv4:127.0.0.1:4334 Status:OK
[2021-01-16 14:52:41,103]-INFO - req:{
  "API": "/api/online",
  "Data": "",
  "APPID": "代理服务",
  "Sign": "",
  "Time": 1610779961
}
[2021-01-16 14:52:42,110]-INFO - Client:ipv4:127.0.0.1:4334 Status:OK
[2021-01-16 14:52:42,110]-INFO - req:{
  "API": "/api/online",
  "Data": "",
  "APPID": "代理服务",
  "Sign": "",
  "Time": 1610779962
}
[2021-01-16 14:52:43,111]-INFO - Client:ipv4:127.0.0.1:4334 Status:OK
[2021-01-16 14:52:43,111]-INFO - req:{
  "API": "/api/online",
  "Data": "",
  "APPID": "代理服务",
  "Sign": "",
  "Time": 1610779963
}
[2021-01-16 14:52:44,120]-INFO - Client:ipv4:127.0.0.1:4334 Status:OK
[2021-01-16 14:52:44,120]-INFO - req:{
  "API": "/api/online",
  "Data": "",
  "APPID": "代理服务",
  "Sign": "",
  "Time": 1610779964
}
[2021-01-16 14:52:45,130]-INFO - Client:ipv4:127.0.0.1:4334 Status:OK
[2021-01-16 14:52:45,130]-INFO - req:{
  "API": "/api/online",
  "Data": "",
  "APPID": "代理服务",
  "Sign": "",
  "Time": 1610779965
}
[2021-01-16 14:52:46,135]-INFO - Client:ipv4:127.0.0.1:4334 Status:OK
[2021-01-16 14:52:46,140]-INFO - req:{
  "API": "/api/online",
  "Data": "",
  "APPID": "代理服务",
  "Sign": "",
  "Time": 1610779966
}
[2021-01-16 14:52:47,137]-INFO - Client:ipv4:127.0.0.1:4334 Status:OK
[2021-01-16 14:52:47,138]-INFO - req:{
  "API": "/api/online",
  "Data": "",
  "APPID": "代理服务",
  "Sign": "",
  "Time": 1610779967
}
[2021-01-16 14:52:48,140]-INFO - Client:ipv4:127.0.0.1:4334 Status:OK
[2021-01-16 14:52:48,141]-INFO - req:{
  "API": "/api/online",
  "Data": "",
  "APPID": "代理服务",
  "Sign": "",
  "Time": 1610779968
}
[2021-01-16 14:52:49,149]-INFO - Client:ipv4:127.0.0.1:4334 Status:OK
[2021-01-16 14:52:49,149]-INFO - req:{
  "API": "/api/online",
  "Data": "",
  "APPID": "代理服务",
  "Sign": "",
  "Time": 1610779969
}
[2021-01-16 14:52:50,155]-INFO - Client:ipv4:127.0.0.1:4334 Status:OK
[2021-01-16 14:52:50,155]-INFO - req:{
  "API": "/api/online",
  "Data": "",
  "APPID": "代理服务",
  "Sign": "",
  "Time": 1610779970
}
[2021-01-16 15:21:25,053]-INFO - 127.0.0.1:8090
[2021-01-16 15:21:25,500]-INFO - Client:ipv4:127.0.0.1:4792 Status:OK
[2021-01-16 15:21:25,505]-INFO - Client:ipv4:127.0.0.1:4792 Status:OK
[2021-01-16 15:21:25,536]-INFO - req:{
  "API": "/api/online",
  "Data": "",
  "APPID": "代理服务",
  "Sign": "",
  "Time": 1610781684
}
[2021-01-16 15:21:25,540]-INFO - req:{
  "API": "/api/online",
  "Data": "",
  "APPID": "代理服务",
  "Sign": "",
  "Time": 1610781683
}
[2021-01-16 15:21:25,614]-INFO - Client:ipv4:127.0.0.1:4792 Status:OK
[2021-01-16 15:21:25,615]-INFO - req:{
  "API": "/api/online",
  "Data": "",
  "APPID": "代理服务",
  "Sign": "",
  "Time": 1610781685
}
[2021-01-16 15:21:26,615]-INFO - Client:ipv4:127.0.0.1:4792 Status:OK
[2021-01-16 15:21:26,616]-INFO - req:{
  "API": "/api/online",
  "Data": "",
  "APPID": "代理服务",
  "Sign": "",
  "Time": 1610781686
}
[2021-01-16 15:21:27,615]-INFO - Client:ipv4:127.0.0.1:4792 Status:OK
[2021-01-16 15:21:27,620]-INFO - req:{
  "API": "/api/online",
  "Data": "",
  "APPID": "代理服务",
  "Sign": "",
  "Time": 1610781687
}
[2021-01-16 15:21:28,617]-INFO - Client:ipv4:127.0.0.1:4792 Status:OK
[2021-01-16 15:21:28,618]-INFO - req:{
  "API": "/api/online",
  "Data": "",
  "APPID": "代理服务",
  "Sign": "",
  "Time": 1610781688
}
[2021-01-16 15:21:29,619]-INFO - Client:ipv4:127.0.0.1:4792 Status:OK
[2021-01-16 15:21:29,620]-INFO - req:{
  "API": "/api/online",
  "Data": "",
  "APPID": "代理服务",
  "Sign": "",
  "Time": 1610781689
}
[2021-01-16 15:21:30,619]-INFO - Client:ipv4:127.0.0.1:4792 Status:OK
[2021-01-16 15:21:30,621]-INFO - req:{
  "API": "/api/online",
  "Data": "",
  "APPID": "代理服务",
  "Sign": "",
  "Time": 1610781690
}
[2021-01-16 15:21:31,621]-INFO - Client:ipv4:127.0.0.1:4792 Status:OK
[2021-01-16 15:21:31,623]-INFO - req:{
  "API": "/api/online",
  "Data": "",
  "APPID": "代理服务",
  "Sign": "",
  "Time": 1610781691
}
[2021-01-16 15:21:32,622]-INFO - Client:ipv4:127.0.0.1:4792 Status:OK
[2021-01-16 15:21:32,622]-INFO - req:{
  "API": "/api/online",
  "Data": "",
  "APPID": "代理服务",
  "Sign": "",
  "Time": 1610781692
}
[2021-01-16 15:21:33,622]-INFO - Client:ipv4:127.0.0.1:4792 Status:OK
[2021-01-16 15:21:33,624]-INFO - req:{
  "API": "/api/online",
  "Data": "",
  "APPID": "代理服务",
  "Sign": "",
  "Time": 1610781693
}
[2021-01-16 15:21:34,623]-INFO - Client:ipv4:127.0.0.1:4792 Status:OK
[2021-01-16 15:21:34,625]-INFO - req:{
  "API": "/api/online",
  "Data": "",
  "APPID": "代理服务",
  "Sign": "",
  "Time": 1610781694
}
[2021-01-16 15:21:35,623]-INFO - Client:ipv4:127.0.0.1:4792 Status:OK
[2021-01-16 15:21:35,624]-INFO - req:{
  "API": "/api/online",
  "Data": "",
  "APPID": "代理服务",
  "Sign": "",
  "Time": 1610781695
}
[2021-01-16 15:21:36,624]-INFO - Client:ipv4:127.0.0.1:4792 Status:OK
[2021-01-16 15:21:36,625]-INFO - req:{
  "API": "/api/online",
  "Data": "",
  "APPID": "代理服务",
  "Sign": "",
  "Time": 1610781696
}
[2021-01-16 15:21:37,624]-INFO - Client:ipv4:127.0.0.1:4792 Status:OK
[2021-01-16 15:21:37,625]-INFO - req:{
  "API": "/api/online",
  "Data": "",
  "APPID": "代理服务",
  "Sign": "",
  "Time": 1610781697
}
[2021-01-16 15:21:38,625]-INFO - Client:ipv4:127.0.0.1:4792 Status:OK
[2021-01-16 15:21:38,631]-INFO - req:{
  "API": "/api/online",
  "Data": "",
  "APPID": "代理服务",
  "Sign": "",
  "Time": 1610781698
}
[2021-01-16 15:21:39,627]-INFO - Client:ipv4:127.0.0.1:4792 Status:OK
[2021-01-16 15:21:39,628]-INFO - req:{
  "API": "/api/online",
  "Data": "",
  "APPID": "代理服务",
  "Sign": "",
  "Time": 1610781699
}
[2021-01-16 15:21:39,974]-INFO - Client:ipv4:127.0.0.1:4795 Status:OK
[2021-01-16 15:21:39,980]-INFO - req:{
  "API": "/api/login",
  "Data": "ShellViewModel",
  "APPID": "",
  "Sign": "",
  "Time": 1610781699
}
[2021-01-16 15:21:40,628]-INFO - Client:ipv4:127.0.0.1:4792 Status:OK
[2021-01-16 15:21:40,629]-INFO - req:{
  "API": "/api/online",
  "Data": "",
  "APPID": "代理服务",
  "Sign": "",
  "Time": 1610781700
}
[2021-01-16 15:21:41,628]-INFO - Client:ipv4:127.0.0.1:4792 Status:OK
[2021-01-16 15:21:41,634]-INFO - req:{
  "API": "/api/online",
  "Data": "",
  "APPID": "代理服务",
  "Sign": "",
  "Time": 1610781701
}
[2021-01-16 15:21:42,630]-INFO - Client:ipv4:127.0.0.1:4792 Status:OK
[2021-01-16 15:21:42,631]-INFO - req:{
  "API": "/api/online",
  "Data": "",
  "APPID": "代理服务",
  "Sign": "",
  "Time": 1610781702
}
[2021-01-16 15:21:43,631]-INFO - Client:ipv4:127.0.0.1:4792 Status:OK
[2021-01-16 15:21:43,632]-INFO - req:{
  "API": "/api/online",
  "Data": "",
  "APPID": "代理服务",
  "Sign": "",
  "Time": 1610781703
}
[2021-01-16 15:21:44,631]-INFO - Client:ipv4:127.0.0.1:4792 Status:OK
[2021-01-16 15:21:44,632]-INFO - req:{
  "API": "/api/online",
  "Data": "",
  "APPID": "代理服务",
  "Sign": "",
  "Time": 1610781704
}
[2021-01-16 15:21:45,632]-INFO - Client:ipv4:127.0.0.1:4792 Status:OK
[2021-01-16 15:21:45,633]-INFO - req:{
  "API": "/api/online",
  "Data": "",
  "APPID": "代理服务",
  "Sign": "",
  "Time": 1610781705
}
[2021-01-16 15:21:46,633]-INFO - Client:ipv4:127.0.0.1:4792 Status:OK
[2021-01-16 15:21:46,634]-INFO - req:{
  "API": "/api/online",
  "Data": "",
  "APPID": "代理服务",
  "Sign": "",
  "Time": 1610781706
}
[2021-01-16 15:21:47,634]-INFO - Client:ipv4:127.0.0.1:4792 Status:OK
[2021-01-16 15:21:47,635]-INFO - req:{
  "API": "/api/online",
  "Data": "",
  "APPID": "代理服务",
  "Sign": "",
  "Time": 1610781707
}
[2021-01-16 15:21:48,635]-INFO - Client:ipv4:127.0.0.1:4792 Status:OK
[2021-01-16 15:21:48,636]-INFO - req:{
  "API": "/api/online",
  "Data": "",
  "APPID": "代理服务",
  "Sign": "",
  "Time": 1610781708
}
[2021-01-16 15:21:49,636]-INFO - Client:ipv4:127.0.0.1:4792 Status:OK
[2021-01-16 15:21:49,638]-INFO - req:{
  "API": "/api/online",
  "Data": "",
  "APPID": "代理服务",
  "Sign": "",
  "Time": 1610781709
}
[2021-01-16 15:21:50,636]-INFO - Client:ipv4:127.0.0.1:4792 Status:OK
[2021-01-16 15:21:50,639]-INFO - req:{
  "API": "/api/online",
  "Data": "",
  "APPID": "代理服务",
  "Sign": "",
  "Time": 1610781710
}
[2021-01-16 15:22:23,524]-INFO - 127.0.0.1:8090
[2021-01-16 15:22:36,766]-INFO - Client:ipv4:127.0.0.1:4819 Status:OK
[2021-01-16 15:22:38,740]-INFO - Client:ipv4:127.0.0.1:4819 Status:OK
[2021-01-16 15:22:37,739]-INFO - Client:ipv4:127.0.0.1:4819 Status:OK
[2021-01-16 15:22:39,741]-INFO - Client:ipv4:127.0.0.1:4819 Status:OK
[2021-01-16 15:22:40,743]-INFO - Client:ipv4:127.0.0.1:4819 Status:OK
[2021-01-16 15:22:41,744]-INFO - Client:ipv4:127.0.0.1:4819 Status:OK
[2021-01-16 15:22:42,749]-INFO - Client:ipv4:127.0.0.1:4819 Status:OK
[2021-01-16 15:22:43,754]-INFO - Client:ipv4:127.0.0.1:4819 Status:OK
[2021-01-16 15:22:44,387]-INFO - req:{
  "API": "/api/online",
  "Data": "",
  "APPID": "代理服务",
  "Sign": "",
  "Time": 1610781758
}
[2021-01-16 15:22:44,388]-INFO - req:{
  "API": "/api/online",
  "Data": "",
  "APPID": "代理服务",
  "Sign": "",
  "Time": 1610781757
}
[2021-01-16 15:22:44,388]-INFO - req:{
  "API": "/api/online",
  "Data": "",
  "APPID": "代理服务",
  "Sign": "",
  "Time": 1610781761
}
[2021-01-16 15:22:44,387]-INFO - req:{
  "API": "/api/online",
  "Data": "",
  "APPID": "代理服务",
  "Sign": "",
  "Time": 1610781762
}
[2021-01-16 15:22:44,387]-INFO - req:{
  "API": "/api/online",
  "Data": "",
  "APPID": "代理服务",
  "Sign": "",
  "Time": 1610781760
}
[2021-01-16 15:22:44,388]-INFO - req:{
  "API": "/api/online",
  "Data": "",
  "APPID": "代理服务",
  "Sign": "",
  "Time": 1610781763
}
[2021-01-16 15:22:44,389]-INFO - req:{
  "API": "/api/online",
  "Data": "",
  "APPID": "代理服务",
  "Sign": "",
  "Time": 1610781756
}
[2021-01-16 15:22:44,389]-INFO - req:{
  "API": "/api/online",
  "Data": "",
  "APPID": "代理服务",
  "Sign": "",
  "Time": 1610781759
}
[2021-01-16 15:22:44,755]-INFO - Client:ipv4:127.0.0.1:4819 Status:OK
[2021-01-16 15:22:44,756]-INFO - req:{
  "API": "/api/online",
  "Data": "",
  "APPID": "代理服务",
  "Sign": "",
  "Time": 1610781764
}
[2021-01-16 15:22:45,757]-INFO - Client:ipv4:127.0.0.1:4819 Status:OK
[2021-01-16 15:22:45,758]-INFO - req:{
  "API": "/api/online",
  "Data": "",
  "APPID": "代理服务",
  "Sign": "",
  "Time": 1610781765
}
[2021-01-16 15:22:46,758]-INFO - Client:ipv4:127.0.0.1:4819 Status:OK
[2021-01-16 15:22:46,759]-INFO - req:{
  "API": "/api/online",
  "Data": "",
  "APPID": "代理服务",
  "Sign": "",
  "Time": 1610781766
}
[2021-01-16 15:22:47,122]-INFO - Client:ipv4:127.0.0.1:4824 Status:OK
[2021-01-16 15:22:47,134]-INFO - req:{
  "API": "/api/login",
  "Data": "ShellViewModel",
  "APPID": "",
  "Sign": "",
  "Time": 1610781767
}
[2021-01-16 15:22:47,759]-INFO - Client:ipv4:127.0.0.1:4819 Status:OK
[2021-01-16 15:22:47,760]-INFO - req:{
  "API": "/api/online",
  "Data": "",
  "APPID": "代理服务",
  "Sign": "",
  "Time": 1610781767
}
[2021-01-16 15:22:48,759]-INFO - Client:ipv4:127.0.0.1:4819 Status:OK
[2021-01-16 15:22:48,760]-INFO - req:{
  "API": "/api/online",
  "Data": "",
  "APPID": "代理服务",
  "Sign": "",
  "Time": 1610781768
}
[2021-01-16 15:22:49,761]-INFO - Client:ipv4:127.0.0.1:4819 Status:OK
[2021-01-16 15:22:49,762]-INFO - req:{
  "API": "/api/online",
  "Data": "",
  "APPID": "代理服务",
  "Sign": "",
  "Time": 1610781769
}
[2021-01-16 15:22:57,368]-INFO - 127.0.0.1:8090
[2021-01-16 15:22:57,783]-INFO - Client:ipv4:127.0.0.1:4829 Status:OK
[2021-01-16 15:22:57,816]-INFO - req:{
  "API": "/api/online",
  "Data": "",
  "APPID": "代理服务",
  "Sign": "",
  "Time": 1610781777
}
[2021-01-16 15:22:58,768]-INFO - Client:ipv4:127.0.0.1:4829 Status:OK
[2021-01-16 15:22:58,769]-INFO - req:{
  "API": "/api/online",
  "Data": "",
  "APPID": "代理服务",
  "Sign": "",
  "Time": 1610781778
}
[2021-01-16 15:22:59,769]-INFO - Client:ipv4:127.0.0.1:4829 Status:OK
[2021-01-16 15:22:59,772]-INFO - req:{
  "API": "/api/online",
  "Data": "",
  "APPID": "代理服务",
  "Sign": "",
  "Time": 1610781779
}
[2021-01-16 15:23:00,771]-INFO - Client:ipv4:127.0.0.1:4829 Status:OK
[2021-01-16 15:23:00,772]-INFO - req:{
  "API": "/api/online",
  "Data": "",
  "APPID": "代理服务",
  "Sign": "",
  "Time": 1610781780
}
[2021-01-16 15:23:01,772]-INFO - Client:ipv4:127.0.0.1:4829 Status:OK
[2021-01-16 15:23:01,774]-INFO - req:{
  "API": "/api/online",
  "Data": "",
  "APPID": "代理服务",
  "Sign": "",
  "Time": 1610781781
}
[2021-01-16 15:23:02,773]-INFO - Client:ipv4:127.0.0.1:4829 Status:OK
[2021-01-16 15:23:02,774]-INFO - req:{
  "API": "/api/online",
  "Data": "",
  "APPID": "代理服务",
  "Sign": "",
  "Time": 1610781782
}
[2021-01-16 15:23:03,413]-INFO - Client:ipv4:127.0.0.1:4832 Status:OK
[2021-01-16 15:23:03,417]-INFO - req:{
  "API": "/api/login",
  "Data": "ShellViewModel",
  "APPID": "",
  "Sign": "",
  "Time": 1610781783
}
[2021-01-16 15:23:03,774]-INFO - Client:ipv4:127.0.0.1:4829 Status:OK
[2021-01-16 15:23:03,774]-INFO - req:{
  "API": "/api/online",
  "Data": "",
  "APPID": "代理服务",
  "Sign": "",
  "Time": 1610781783
}
[2021-01-16 15:23:04,775]-INFO - Client:ipv4:127.0.0.1:4829 Status:OK
[2021-01-16 15:23:04,777]-INFO - req:{
  "API": "/api/online",
  "Data": "",
  "APPID": "代理服务",
  "Sign": "",
  "Time": 1610781784
}
[2021-01-16 15:23:05,776]-INFO - Client:ipv4:127.0.0.1:4829 Status:OK
[2021-01-16 15:23:05,780]-INFO - req:{
  "API": "/api/online",
  "Data": "",
  "APPID": "代理服务",
  "Sign": "",
  "Time": 1610781785
}
[2021-01-16 15:23:06,777]-INFO - Client:ipv4:127.0.0.1:4829 Status:OK
[2021-01-16 15:23:06,778]-INFO - req:{
  "API": "/api/online",
  "Data": "",
  "APPID": "代理服务",
  "Sign": "",
  "Time": 1610781786
}
[2021-01-16 15:23:07,778]-INFO - Client:ipv4:127.0.0.1:4829 Status:OK
[2021-01-16 15:23:07,779]-INFO - req:{
  "API": "/api/online",
  "Data": "",
  "APPID": "代理服务",
  "Sign": "",
  "Time": 1610781787
}
